<?xml version="1.0" encoding="UTF-8"?>
<testsuite xmlns:xsi="http://www.w3.org/2001/XMLSchema-instance" xsi:noNamespaceSchemaLocation="https://maven.apache.org/surefire/maven-surefire-plugin/xsd/surefire-test-report.xsd" name="org.pyramid.todo.PyramidTodoApplicationTests" time="10.61" tests="1" errors="1" skipped="0" failures="0">
  <properties>
[...]
</properties>
  <testcase name="contextLoads" classname="org.pyramid.todo.PyramidTodoApplicationTests" time="0.015">
    <error message="Failed to load ApplicationContext" type="java.lang.IllegalStateException">java.lang.IllegalStateException: Failed to load ApplicationContext
Caused by: java.lang.IllegalStateException: Failed to introspect Class [org.pyramid.todo.controller.TodoController] from ClassLoader [sun.misc.Launcher$AppClassLoader@4aa298b7]
Caused by: java.lang.NoClassDefFoundError: org/springframework/data/jpa/repository/JpaRepository
Caused by: java.lang.ClassNotFoundException: org.springframework.data.jpa.repository.JpaRepository
</error>
    <system-out><![CDATA[12:25:03.157 [main] DEBUG org.springframework.test.context.junit4.SpringJUnit4ClassRunner - SpringJUnit4ClassRunner constructor called with [class org.pyramid.todo.PyramidTodoApplicationTests]
12:25:03.170 [main] DEBUG org.springframework.test.context.BootstrapUtils - Instantiating CacheAwareContextLoaderDelegate from class [org.springframework.test.context.cache.DefaultCacheAwareContextLoaderDelegate]
12:25:03.205 [main] DEBUG org.springframework.test.context.BootstrapUtils - Instantiating BootstrapContext using constructor [public org.springframework.test.context.support.DefaultBootstrapContext(java.lang.Class,org.springframework.test.context.CacheAwareContextLoaderDelegate)]
12:25:03.242 [main] DEBUG org.springframework.test.context.BootstrapUtils - Instantiating TestContextBootstrapper for test class [org.pyramid.todo.PyramidTodoApplicationTests] from class [org.springframework.boot.test.context.SpringBootTestContextBootstrapper]
12:25:03.289 [main] INFO org.springframework.boot.test.context.SpringBootTestContextBootstrapper - Neither @ContextConfiguration nor @ContextHierarchy found for test class [org.pyramid.todo.PyramidTodoApplicationTests], using SpringBootContextLoader
12:25:03.310 [main] DEBUG org.springframework.test.context.support.AbstractContextLoader - Did not detect default resource location for test class [org.pyramid.todo.PyramidTodoApplicationTests]: class path resource [org/pyramid/todo/PyramidTodoApplicationTests-context.xml] does not exist
12:25:03.311 [main] DEBUG org.springframework.test.context.support.AbstractContextLoader - Did not detect default resource location for test class [org.pyramid.todo.PyramidTodoApplicationTests]: class path resource [org/pyramid/todo/PyramidTodoApplicationTestsContext.groovy] does not exist
12:25:03.311 [main] INFO org.springframework.test.context.support.AbstractContextLoader - Could not detect default resource locations for test class [org.pyramid.todo.PyramidTodoApplicationTests]: no resource found for suffixes {-context.xml, Context.groovy}.
12:25:03.311 [main] INFO org.springframework.test.context.support.AnnotationConfigContextLoaderUtils - Could not detect default configuration classes for test class [org.pyramid.todo.PyramidTodoApplicationTests]: PyramidTodoApplicationTests does not declare any static, non-private, non-final, nested classes annotated with @Configuration.
12:25:03.474 [main] DEBUG org.springframework.test.context.support.ActiveProfilesUtils - Could not find an 'annotation declaring class' for annotation type [org.springframework.test.context.ActiveProfiles] and class [org.pyramid.todo.PyramidTodoApplicationTests]
12:25:03.512 [main] DEBUG org.springframework.core.env.StandardEnvironment - Adding PropertySource 'systemProperties' with lowest search precedence
12:25:03.512 [main] DEBUG org.springframework.core.env.StandardEnvironment - Adding PropertySource 'systemEnvironment' with lowest search precedence
12:25:03.512 [main] DEBUG org.springframework.core.env.StandardEnvironment - Initialized StandardEnvironment with PropertySources [MapPropertySource@1782148126 {name='systemProperties', properties={java.runtime.name=Java(TM) SE Runtime Environment, sun.boot.library.path=C:\Java8\jre\bin, java.vm.version=25.131-b11, java.vm.vendor=Oracle Corporation, java.vendor.url=http://java.oracle.com/, path.separator=;, java.vm.name=Java HotSpot(TM) 64-Bit Server VM, file.encoding.pkg=sun.io, user.country=IN, user.script=, sun.java.launcher=SUN_STANDARD, sun.os.patch.level=, java.vm.specification.name=Java Virtual Machine Specification, user.dir=C:\PersonalData\engr1\toDoApp\pyramid-todo, java.runtime.version=1.8.0_131-b11, basedir=C:\PersonalData\engr1\toDoApp\pyramid-todo, java.awt.graphicsenv=sun.awt.Win32GraphicsEnvironment, java.endorsed.dirs=C:\Java8\jre\lib\endorsed, os.arch=amd64, surefire.real.class.path=C:\Users\SHAILJ~1\AppData\Local\Temp\surefire2683352134977063736\surefirebooter5417430683219961117.jar, java.io.tmpdir=C:\Users\SHAILJ~1\AppData\Local\Temp\, line.separator=
, java.vm.specification.vendor=Oracle Corporation, user.variant=, os.name=Windows 10, sun.jnu.encoding=Cp1252, java.library.path=C:\Java8\jre\bin;C:\WINDOWS\Sun\Java\bin;C:\WINDOWS\system32;C:\WINDOWS;C:\Java8\jre\bin;C:/Java8/bin/../jre/bin/server;C:/Java8/bin/../jre/bin;C:/Java8/bin/../jre/lib/amd64;C:\Program Files\Docker\Docker\Resources\bin;C:\Program Files (x86)\Intel\TXE Components\TCS\;C:\Program Files\Intel\TXE Components\TCS\;C:\WINDOWS\system32;C:\WINDOWS;C:\WINDOWS\System32\Wbem;C:\WINDOWS\System32\WindowsPowerShell\v1.0\;C:\Program Files\Intel\WiFi\bin\;C:\Program Files\Common Files\Intel\WirelessCommon\;C:\Java8\bin;C:\Program Files\Git\cmd;C:\Program Files\nodejs\;C:\Program Files\Docker\Docker\Resources\bin;C:\Program Files (x86)\Intel\TXE Components\TCS\;C:\Program Files\Intel\TXE Components\TCS\;C:\WINDOWS\system32;C:\WINDOWS;C:\WINDOWS\System32\Wbem;C:\WINDOWS\System32\WindowsPowerShell\v1.0\;C:\Program Files\Intel\WiFi\bin\;C:\Program Files\Common Files\Intel\WirelessCommon\;C:\Java8\bin;C:\Program Files\Git\cmd;C:\Program Files\nodejs\;C:\Ajay\hadoop-2.6.2\bin;C:\Ajay\hadoop-2.6.2\sbin;C:\Ajay\hadoop-2.6.2\share\hadoop\common\*;C:\Ajay\hadoop-2.6.2\share\hadoop\hdfs;C:\Ajay\hadoop-2.6.2\share\hadoop\hdfs\lib\*;C:\Ajay\hadoop-2.6.2\share\hadoop\hdfs\*;C:\Ajay\hadoop-2.6.2\share\hadoop\yarn\lib\*;C:\Ajay\hadoop-2.6.2\share\hadoop\yarn\*;C:\Ajay\hadoop-2.6.2\share\hadoop\mapreduce\lib\*;C:\Ajay\hadoop-2.6.2\share\hadoop\mapreduce\*;C:\Ajay\hadoop-2.6.2\share\hadoop\common\lib\*;C:\Users\Shailja Sharma\AppData\Local\Microsoft\WindowsApps;C:\Ajay\gradle-4.0.2\bin;C:\Program Files\Microsoft VS Code\bin;C:\Users\Shailja Sharma\AppData\Roaming\npm;C:\Ajay\apache-maven-3.5.2\bin;C:\Ajay\sts-bundle\sts-3.9.2.RELEASE;;., surefire.test.class.path=C:\PersonalData\engr1\toDoApp\pyramid-todo\target\test-classes;C:\PersonalData\engr1\toDoApp\pyramid-todo\target\classes;C:\Users\Shailja Sharma\.m2\repository\org\springframework\boot\spring-boot-starter-data-jpa\2.0.0.BUILD-SNAPSHOT\spring-boot-starter-data-jpa-2.0.0.BUILD-SNAPSHOT.jar;C:\Users\Shailja Sharma\.m2\repository\org\springframework\boot\spring-boot-starter\2.0.0.BUILD-SNAPSHOT\spring-boot-starter-2.0.0.BUILD-SNAPSHOT.jar;C:\Users\Shailja Sharma\.m2\repository\org\springframework\boot\spring-boot-starter-logging\2.0.0.BUILD-SNAPSHOT\spring-boot-starter-logging-2.0.0.BUILD-SNAPSHOT.jar;C:\Users\Shailja Sharma\.m2\repository\ch\qos\logback\logback-classic\1.2.3\logback-classic-1.2.3.jar;C:\Users\Shailja Sharma\.m2\repository\ch\qos\logback\logback-core\1.2.3\logback-core-1.2.3.jar;C:\Users\Shailja Sharma\.m2\repository\org\apache\logging\log4j\log4j-to-slf4j\2.10.0\log4j-to-slf4j-2.10.0.jar;C:\Users\Shailja Sharma\.m2\repository\org\apache\logging\log4j\log4j-api\2.10.0\log4j-api-2.10.0.jar;C:\Users\Shailja Sharma\.m2\repository\org\slf4j\jul-to-slf4j\1.7.25\jul-to-slf4j-1.7.25.jar;C:\Users\Shailja Sharma\.m2\repository\javax\annotation\javax.annotation-api\1.3.1\javax.annotation-api-1.3.1.jar;C:\Users\Shailja Sharma\.m2\repository\org\yaml\snakeyaml\1.19\snakeyaml-1.19.jar;C:\Users\Shailja Sharma\.m2\repository\org\springframework\boot\spring-boot-starter-aop\2.0.0.BUILD-SNAPSHOT\spring-boot-starter-aop-2.0.0.BUILD-SNAPSHOT.jar;C:\Users\Shailja Sharma\.m2\repository\org\aspectj\aspectjweaver\1.8.13\aspectjweaver-1.8.13.jar;C:\Users\Shailja Sharma\.m2\repository\org\springframework\boot\spring-boot-starter-jdbc\2.0.0.BUILD-SNAPSHOT\spring-boot-starter-jdbc-2.0.0.BUILD-SNAPSHOT.jar;C:\Users\Shailja Sharma\.m2\repository\com\zaxxer\HikariCP\2.7.4\HikariCP-2.7.4.jar;C:\Users\Shailja Sharma\.m2\repository\org\springframework\spring-jdbc\5.0.2.RELEASE\spring-jdbc-5.0.2.RELEASE.jar;C:\Users\Shailja Sharma\.m2\repository\org\hibernate\hibernate-core\5.2.12.Final\hibernate-core-5.2.12.Final.jar;C:\Users\Shailja Sharma\.m2\repository\org\jboss\logging\jboss-logging\3.3.1.Final\jboss-logging-3.3.1.Final.jar;C:\Users\Shailja Sharma\.m2\repository\org\hibernate\javax\persistence\hibernate-jpa-2.1-api\1.0.0.Final\hibernate-jpa-2.1-api-1.0.0.Final.jar;C:\Users\Shailja Sharma\.m2\repository\org\javassist\javassist\3.22.0-CR2\javassist-3.22.0-CR2.jar;C:\Users\Shailja Sharma\.m2\repository\antlr\antlr\2.7.7\antlr-2.7.7.jar;C:\Users\Shailja Sharma\.m2\repository\org\jboss\jandex\2.0.3.Final\jandex-2.0.3.Final.jar;C:\Users\Shailja Sharma\.m2\repository\com\fasterxml\classmate\1.3.4\classmate-1.3.4.jar;C:\Users\Shailja Sharma\.m2\repository\dom4j\dom4j\1.6.1\dom4j-1.6.1.jar;C:\Users\Shailja Sharma\.m2\repository\org\hibernate\common\hibernate-commons-annotations\5.0.1.Final\hibernate-commons-annotations-5.0.1.Final.jar;C:\Users\Shailja Sharma\.m2\repository\javax\transaction\javax.transaction-api\1.2\javax.transaction-api-1.2.jar;C:\Users\Shailja Sharma\.m2\repository\org\springframework\data\spring-data-jpa\2.0.2.RELEASE\spring-data-jpa-2.0.2.RELEASE.jar;C:\Users\Shailja Sharma\.m2\repository\org\springframework\data\spring-data-commons\2.0.2.RELEASE\spring-data-commons-2.0.2.RELEASE.jar;C:\Users\Shailja Sharma\.m2\repository\org\springframework\spring-orm\5.0.2.RELEASE\spring-orm-5.0.2.RELEASE.jar;C:\Users\Shailja Sharma\.m2\repository\org\springframework\spring-context\5.0.2.RELEASE\spring-context-5.0.2.RELEASE.jar;C:\Users\Shailja Sharma\.m2\repository\org\springframework\spring-tx\5.0.2.RELEASE\spring-tx-5.0.2.RELEASE.jar;C:\Users\Shailja Sharma\.m2\repository\org\springframework\spring-beans\5.0.2.RELEASE\spring-beans-5.0.2.RELEASE.jar;C:\Users\Shailja Sharma\.m2\repository\org\slf4j\slf4j-api\1.7.25\slf4j-api-1.7.25.jar;C:\Users\Shailja Sharma\.m2\repository\org\springframework\spring-aspects\5.0.2.RELEASE\spring-aspects-5.0.2.RELEASE.jar;C:\Users\Shailja Sharma\.m2\repository\org\springframework\boot\spring-boot-starter-security\2.0.0.BUILD-SNAPSHOT\spring-boot-starter-security-2.0.0.BUILD-SNAPSHOT.jar;C:\Users\Shailja Sharma\.m2\repository\org\springframework\spring-aop\5.0.2.RELEASE\spring-aop-5.0.2.RELEASE.jar;C:\Users\Shailja Sharma\.m2\repository\org\springframework\security\spring-security-config\5.0.0.RELEASE\spring-security-config-5.0.0.RELEASE.jar;C:\Users\Shailja Sharma\.m2\repository\org\springframework\security\spring-security-web\5.0.0.RELEASE\spring-security-web-5.0.0.RELEASE.jar;C:\Users\Shailja Sharma\.m2\repository\org\springframework\spring-expression\5.0.2.RELEASE\spring-expression-5.0.2.RELEASE.jar;C:\Users\Shailja Sharma\.m2\repository\org\springframework\boot\spring-boot-starter-web\2.0.0.BUILD-SNAPSHOT\spring-boot-starter-web-2.0.0.BUILD-SNAPSHOT.jar;C:\Users\Shailja Sharma\.m2\repository\org\springframework\boot\spring-boot-starter-json\2.0.0.BUILD-SNAPSHOT\spring-boot-starter-json-2.0.0.BUILD-SNAPSHOT.jar;C:\Users\Shailja Sharma\.m2\repository\com\fasterxml\jackson\core\jackson-databind\2.9.2\jackson-databind-2.9.2.jar;C:\Users\Shailja Sharma\.m2\repository\com\fasterxml\jackson\core\jackson-annotations\2.9.0\jackson-annotations-2.9.0.jar;C:\Users\Shailja Sharma\.m2\repository\com\fasterxml\jackson\core\jackson-core\2.9.2\jackson-core-2.9.2.jar;C:\Users\Shailja Sharma\.m2\repository\com\fasterxml\jackson\datatype\jackson-datatype-jdk8\2.9.2\jackson-datatype-jdk8-2.9.2.jar;C:\Users\Shailja Sharma\.m2\repository\com\fasterxml\jackson\datatype\jackson-datatype-jsr310\2.9.2\jackson-datatype-jsr310-2.9.2.jar;C:\Users\Shailja Sharma\.m2\repository\com\fasterxml\jackson\module\jackson-module-parameter-names\2.9.2\jackson-module-parameter-names-2.9.2.jar;C:\Users\Shailja Sharma\.m2\repository\org\springframework\boot\spring-boot-starter-tomcat\2.0.0.BUILD-SNAPSHOT\spring-boot-starter-tomcat-2.0.0.BUILD-SNAPSHOT.jar;C:\Users\Shailja Sharma\.m2\repository\org\apache\tomcat\embed\tomcat-embed-websocket\8.5.24\tomcat-embed-websocket-8.5.24.jar;C:\Users\Shailja Sharma\.m2\repository\org\hibernate\validator\hibernate-validator\6.0.5.Final\hibernate-validator-6.0.5.Final.jar;C:\Users\Shailja Sharma\.m2\repository\javax\validation\validation-api\2.0.0.Final\validation-api-2.0.0.Final.jar;C:\Users\Shailja Sharma\.m2\repository\org\springframework\spring-web\5.0.2.RELEASE\spring-web-5.0.2.RELEASE.jar;C:\Users\Shailja Sharma\.m2\repository\org\springframework\spring-webmvc\5.0.2.RELEASE\spring-webmvc-5.0.2.RELEASE.jar;C:\Users\Shailja Sharma\.m2\repository\org\springframework\boot\spring-boot-devtools\2.0.0.BUILD-SNAPSHOT\spring-boot-devtools-2.0.0.BUILD-SNAPSHOT.jar;C:\Users\Shailja Sharma\.m2\repository\org\springframework\boot\spring-boot\2.0.0.BUILD-SNAPSHOT\spring-boot-2.0.0.BUILD-SNAPSHOT.jar;C:\Users\Shailja Sharma\.m2\repository\org\springframework\boot\spring-boot-autoconfigure\2.0.0.BUILD-SNAPSHOT\spring-boot-autoconfigure-2.0.0.BUILD-SNAPSHOT.jar;C:\Users\Shailja Sharma\.m2\repository\com\h2database\h2\1.4.196\h2-1.4.196.jar;C:\Users\Shailja Sharma\.m2\repository\org\apache\tomcat\embed\tomcat-embed-jasper\8.5.24\tomcat-embed-jasper-8.5.24.jar;C:\Users\Shailja Sharma\.m2\repository\org\apache\tomcat\embed\tomcat-embed-core\8.5.24\tomcat-embed-core-8.5.24.jar;C:\Users\Shailja Sharma\.m2\repository\org\apache\tomcat\tomcat-annotations-api\8.5.24\tomcat-annotations-api-8.5.24.jar;C:\Users\Shailja Sharma\.m2\repository\org\apache\tomcat\embed\tomcat-embed-el\8.5.24\tomcat-embed-el-8.5.24.jar;C:\Users\Shailja Sharma\.m2\repository\org\eclipse\jdt\ecj\3.12.3\ecj-3.12.3.jar;C:\Users\Shailja Sharma\.m2\repository\javax\servlet\jstl\1.2\jstl-1.2.jar;C:\Users\Shailja Sharma\.m2\repository\org\webjars\bootstrap\3.3.6\bootstrap-3.3.6.jar;C:\Users\Shailja Sharma\.m2\repository\org\webjars\jquery\1.9.1\jquery-1.9.1.jar;C:\Users\Shailja Sharma\.m2\repository\org\webjars\bootstrap-datepicker\1.0.1\bootstrap-datepicker-1.0.1.jar;C:\Users\Shailja Sharma\.m2\repository\org\springframework\boot\spring-boot-starter-test\2.0.0.BUILD-SNAPSHOT\spring-boot-starter-test-2.0.0.BUILD-SNAPSHOT.jar;C:\Users\Shailja Sharma\.m2\repository\org\springframework\boot\spring-boot-test\2.0.0.BUILD-SNAPSHOT\spring-boot-test-2.0.0.BUILD-SNAPSHOT.jar;C:\Users\Shailja Sharma\.m2\repository\org\springframework\boot\spring-boot-test-autoconfigure\2.0.0.BUILD-SNAPSHOT\spring-boot-test-autoconfigure-2.0.0.BUILD-SNAPSHOT.jar;C:\Users\Shailja Sharma\.m2\repository\com\jayway\jsonpath\json-path\2.4.0\json-path-2.4.0.jar;C:\Users\Shailja Sharma\.m2\repository\net\minidev\json-smart\2.3\json-smart-2.3.jar;C:\Users\Shailja Sharma\.m2\repository\net\minidev\accessors-smart\1.2\accessors-smart-1.2.jar;C:\Users\Shailja Sharma\.m2\repository\org\ow2\asm\asm\5.0.4\asm-5.0.4.jar;C:\Users\Shailja Sharma\.m2\repository\junit\junit\4.12\junit-4.12.jar;C:\Users\Shailja Sharma\.m2\repository\org\assertj\assertj-core\3.8.0\assertj-core-3.8.0.jar;C:\Users\Shailja Sharma\.m2\repository\org\mockito\mockito-core\2.13.0\mockito-core-2.13.0.jar;C:\Users\Shailja Sharma\.m2\repository\net\bytebuddy\byte-buddy\1.7.9\byte-buddy-1.7.9.jar;C:\Users\Shailja Sharma\.m2\repository\net\bytebuddy\byte-buddy-agent\1.7.9\byte-buddy-agent-1.7.9.jar;C:\Users\Shailja Sharma\.m2\repository\org\objenesis\objenesis\2.6\objenesis-2.6.jar;C:\Users\Shailja Sharma\.m2\repository\org\hamcrest\hamcrest-core\1.3\hamcrest-core-1.3.jar;C:\Users\Shailja Sharma\.m2\repository\org\hamcrest\hamcrest-library\1.3\hamcrest-library-1.3.jar;C:\Users\Shailja Sharma\.m2\repository\org\skyscreamer\jsonassert\1.5.0\jsonassert-1.5.0.jar;C:\Users\Shailja Sharma\.m2\repository\com\vaadin\external\google\android-json\0.0.20131108.vaadin1\android-json-0.0.20131108.vaadin1.jar;C:\Users\Shailja Sharma\.m2\repository\org\springframework\spring-core\5.0.2.RELEASE\spring-core-5.0.2.RELEASE.jar;C:\Users\Shailja Sharma\.m2\repository\org\springframework\spring-jcl\5.0.2.RELEASE\spring-jcl-5.0.2.RELEASE.jar;C:\Users\Shailja Sharma\.m2\repository\org\springframework\spring-test\5.0.2.RELEASE\spring-test-5.0.2.RELEASE.jar;C:\Users\Shailja Sharma\.m2\repository\org\xmlunit\xmlunit-core\2.5.1\xmlunit-core-2.5.1.jar;C:\Users\Shailja Sharma\.m2\repository\org\springframework\security\spring-security-test\5.0.0.RELEASE\spring-security-test-5.0.0.RELEASE.jar;C:\Users\Shailja Sharma\.m2\repository\org\springframework\security\spring-security-core\5.0.0.RELEASE\spring-security-core-5.0.0.RELEASE.jar;, java.specification.name=Java Platform API Specification, java.class.version=52.0, sun.management.compiler=HotSpot 64-Bit Tiered Compilers, os.version=10.0, user.home=C:\Users\Shailja Sharma, user.timezone=Asia/Calcutta, java.awt.printerjob=sun.awt.windows.WPrinterJob, file.encoding=Cp1252, java.specification.version=1.8, java.class.path=C:\PersonalData\engr1\toDoApp\pyramid-todo\target\test-classes;C:\PersonalData\engr1\toDoApp\pyramid-todo\target\classes;C:\Users\Shailja Sharma\.m2\repository\org\springframework\boot\spring-boot-starter-data-jpa\2.0.0.BUILD-SNAPSHOT\spring-boot-starter-data-jpa-2.0.0.BUILD-SNAPSHOT.jar;C:\Users\Shailja Sharma\.m2\repository\org\springframework\boot\spring-boot-starter\2.0.0.BUILD-SNAPSHOT\spring-boot-starter-2.0.0.BUILD-SNAPSHOT.jar;C:\Users\Shailja Sharma\.m2\repository\org\springframework\boot\spring-boot-starter-logging\2.0.0.BUILD-SNAPSHOT\spring-boot-starter-logging-2.0.0.BUILD-SNAPSHOT.jar;C:\Users\Shailja Sharma\.m2\repository\ch\qos\logback\logback-classic\1.2.3\logback-classic-1.2.3.jar;C:\Users\Shailja Sharma\.m2\repository\ch\qos\logback\logback-core\1.2.3\logback-core-1.2.3.jar;C:\Users\Shailja Sharma\.m2\repository\org\apache\logging\log4j\log4j-to-slf4j\2.10.0\log4j-to-slf4j-2.10.0.jar;C:\Users\Shailja Sharma\.m2\repository\org\apache\logging\log4j\log4j-api\2.10.0\log4j-api-2.10.0.jar;C:\Users\Shailja Sharma\.m2\repository\org\slf4j\jul-to-slf4j\1.7.25\jul-to-slf4j-1.7.25.jar;C:\Users\Shailja Sharma\.m2\repository\javax\annotation\javax.annotation-api\1.3.1\javax.annotation-api-1.3.1.jar;C:\Users\Shailja Sharma\.m2\repository\org\yaml\snakeyaml\1.19\snakeyaml-1.19.jar;C:\Users\Shailja Sharma\.m2\repository\org\springframework\boot\spring-boot-starter-aop\2.0.0.BUILD-SNAPSHOT\spring-boot-starter-aop-2.0.0.BUILD-SNAPSHOT.jar;C:\Users\Shailja Sharma\.m2\repository\org\aspectj\aspectjweaver\1.8.13\aspectjweaver-1.8.13.jar;C:\Users\Shailja Sharma\.m2\repository\org\springframework\boot\spring-boot-starter-jdbc\2.0.0.BUILD-SNAPSHOT\spring-boot-starter-jdbc-2.0.0.BUILD-SNAPSHOT.jar;C:\Users\Shailja Sharma\.m2\repository\com\zaxxer\HikariCP\2.7.4\HikariCP-2.7.4.jar;C:\Users\Shailja Sharma\.m2\repository\org\springframework\spring-jdbc\5.0.2.RELEASE\spring-jdbc-5.0.2.RELEASE.jar;C:\Users\Shailja Sharma\.m2\repository\org\hibernate\hibernate-core\5.2.12.Final\hibernate-core-5.2.12.Final.jar;C:\Users\Shailja Sharma\.m2\repository\org\jboss\logging\jboss-logging\3.3.1.Final\jboss-logging-3.3.1.Final.jar;C:\Users\Shailja Sharma\.m2\repository\org\hibernate\javax\persistence\hibernate-jpa-2.1-api\1.0.0.Final\hibernate-jpa-2.1-api-1.0.0.Final.jar;C:\Users\Shailja Sharma\.m2\repository\org\javassist\javassist\3.22.0-CR2\javassist-3.22.0-CR2.jar;C:\Users\Shailja Sharma\.m2\repository\antlr\antlr\2.7.7\antlr-2.7.7.jar;C:\Users\Shailja Sharma\.m2\repository\org\jboss\jandex\2.0.3.Final\jandex-2.0.3.Final.jar;C:\Users\Shailja Sharma\.m2\repository\com\fasterxml\classmate\1.3.4\classmate-1.3.4.jar;C:\Users\Shailja Sharma\.m2\repository\dom4j\dom4j\1.6.1\dom4j-1.6.1.jar;C:\Users\Shailja Sharma\.m2\repository\org\hibernate\common\hibernate-commons-annotations\5.0.1.Final\hibernate-commons-annotations-5.0.1.Final.jar;C:\Users\Shailja Sharma\.m2\repository\javax\transaction\javax.transaction-api\1.2\javax.transaction-api-1.2.jar;C:\Users\Shailja Sharma\.m2\repository\org\springframework\data\spring-data-jpa\2.0.2.RELEASE\spring-data-jpa-2.0.2.RELEASE.jar;C:\Users\Shailja Sharma\.m2\repository\org\springframework\data\spring-data-commons\2.0.2.RELEASE\spring-data-commons-2.0.2.RELEASE.jar;C:\Users\Shailja Sharma\.m2\repository\org\springframework\spring-orm\5.0.2.RELEASE\spring-orm-5.0.2.RELEASE.jar;C:\Users\Shailja Sharma\.m2\repository\org\springframework\spring-context\5.0.2.RELEASE\spring-context-5.0.2.RELEASE.jar;C:\Users\Shailja Sharma\.m2\repository\org\springframework\spring-tx\5.0.2.RELEASE\spring-tx-5.0.2.RELEASE.jar;C:\Users\Shailja Sharma\.m2\repository\org\springframework\spring-beans\5.0.2.RELEASE\spring-beans-5.0.2.RELEASE.jar;C:\Users\Shailja Sharma\.m2\repository\org\slf4j\slf4j-api\1.7.25\slf4j-api-1.7.25.jar;C:\Users\Shailja Sharma\.m2\repository\org\springframework\spring-aspects\5.0.2.RELEASE\spring-aspects-5.0.2.RELEASE.jar;C:\Users\Shailja Sharma\.m2\repository\org\springframework\boot\spring-boot-starter-security\2.0.0.BUILD-SNAPSHOT\spring-boot-starter-security-2.0.0.BUILD-SNAPSHOT.jar;C:\Users\Shailja Sharma\.m2\repository\org\springframework\spring-aop\5.0.2.RELEASE\spring-aop-5.0.2.RELEASE.jar;C:\Users\Shailja Sharma\.m2\repository\org\springframework\security\spring-security-config\5.0.0.RELEASE\spring-security-config-5.0.0.RELEASE.jar;C:\Users\Shailja Sharma\.m2\repository\org\springframework\security\spring-security-web\5.0.0.RELEASE\spring-security-web-5.0.0.RELEASE.jar;C:\Users\Shailja Sharma\.m2\repository\org\springframework\spring-expression\5.0.2.RELEASE\spring-expression-5.0.2.RELEASE.jar;C:\Users\Shailja Sharma\.m2\repository\org\springframework\boot\spring-boot-starter-web\2.0.0.BUILD-SNAPSHOT\spring-boot-starter-web-2.0.0.BUILD-SNAPSHOT.jar;C:\Users\Shailja Sharma\.m2\repository\org\springframework\boot\spring-boot-starter-json\2.0.0.BUILD-SNAPSHOT\spring-boot-starter-json-2.0.0.BUILD-SNAPSHOT.jar;C:\Users\Shailja Sharma\.m2\repository\com\fasterxml\jackson\core\jackson-databind\2.9.2\jackson-databind-2.9.2.jar;C:\Users\Shailja Sharma\.m2\repository\com\fasterxml\jackson\core\jackson-annotations\2.9.0\jackson-annotations-2.9.0.jar;C:\Users\Shailja Sharma\.m2\repository\com\fasterxml\jackson\core\jackson-core\2.9.2\jackson-core-2.9.2.jar;C:\Users\Shailja Sharma\.m2\repository\com\fasterxml\jackson\datatype\jackson-datatype-jdk8\2.9.2\jackson-datatype-jdk8-2.9.2.jar;C:\Users\Shailja Sharma\.m2\repository\com\fasterxml\jackson\datatype\jackson-datatype-jsr310\2.9.2\jackson-datatype-jsr310-2.9.2.jar;C:\Users\Shailja Sharma\.m2\repository\com\fasterxml\jackson\module\jackson-module-parameter-names\2.9.2\jackson-module-parameter-names-2.9.2.jar;C:\Users\Shailja Sharma\.m2\repository\org\springframework\boot\spring-boot-starter-tomcat\2.0.0.BUILD-SNAPSHOT\spring-boot-starter-tomcat-2.0.0.BUILD-SNAPSHOT.jar;C:\Users\Shailja Sharma\.m2\repository\org\apache\tomcat\embed\tomcat-embed-websocket\8.5.24\tomcat-embed-websocket-8.5.24.jar;C:\Users\Shailja Sharma\.m2\repository\org\hibernate\validator\hibernate-validator\6.0.5.Final\hibernate-validator-6.0.5.Final.jar;C:\Users\Shailja Sharma\.m2\repository\javax\validation\validation-api\2.0.0.Final\validation-api-2.0.0.Final.jar;C:\Users\Shailja Sharma\.m2\repository\org\springframework\spring-web\5.0.2.RELEASE\spring-web-5.0.2.RELEASE.jar;C:\Users\Shailja Sharma\.m2\repository\org\springframework\spring-webmvc\5.0.2.RELEASE\spring-webmvc-5.0.2.RELEASE.jar;C:\Users\Shailja Sharma\.m2\repository\org\springframework\boot\spring-boot-devtools\2.0.0.BUILD-SNAPSHOT\spring-boot-devtools-2.0.0.BUILD-SNAPSHOT.jar;C:\Users\Shailja Sharma\.m2\repository\org\springframework\boot\spring-boot\2.0.0.BUILD-SNAPSHOT\spring-boot-2.0.0.BUILD-SNAPSHOT.jar;C:\Users\Shailja Sharma\.m2\repository\org\springframework\boot\spring-boot-autoconfigure\2.0.0.BUILD-SNAPSHOT\spring-boot-autoconfigure-2.0.0.BUILD-SNAPSHOT.jar;C:\Users\Shailja Sharma\.m2\repository\com\h2database\h2\1.4.196\h2-1.4.196.jar;C:\Users\Shailja Sharma\.m2\repository\org\apache\tomcat\embed\tomcat-embed-jasper\8.5.24\tomcat-embed-jasper-8.5.24.jar;C:\Users\Shailja Sharma\.m2\repository\org\apache\tomcat\embed\tomcat-embed-core\8.5.24\tomcat-embed-core-8.5.24.jar;C:\Users\Shailja Sharma\.m2\repository\org\apache\tomcat\tomcat-annotations-api\8.5.24\tomcat-annotations-api-8.5.24.jar;C:\Users\Shailja Sharma\.m2\repository\org\apache\tomcat\embed\tomcat-embed-el\8.5.24\tomcat-embed-el-8.5.24.jar;C:\Users\Shailja Sharma\.m2\repository\org\eclipse\jdt\ecj\3.12.3\ecj-3.12.3.jar;C:\Users\Shailja Sharma\.m2\repository\javax\servlet\jstl\1.2\jstl-1.2.jar;C:\Users\Shailja Sharma\.m2\repository\org\webjars\bootstrap\3.3.6\bootstrap-3.3.6.jar;C:\Users\Shailja Sharma\.m2\repository\org\webjars\jquery\1.9.1\jquery-1.9.1.jar;C:\Users\Shailja Sharma\.m2\repository\org\webjars\bootstrap-datepicker\1.0.1\bootstrap-datepicker-1.0.1.jar;C:\Users\Shailja Sharma\.m2\repository\org\springframework\boot\spring-boot-starter-test\2.0.0.BUILD-SNAPSHOT\spring-boot-starter-test-2.0.0.BUILD-SNAPSHOT.jar;C:\Users\Shailja Sharma\.m2\repository\org\springframework\boot\spring-boot-test\2.0.0.BUILD-SNAPSHOT\spring-boot-test-2.0.0.BUILD-SNAPSHOT.jar;C:\Users\Shailja Sharma\.m2\repository\org\springframework\boot\spring-boot-test-autoconfigure\2.0.0.BUILD-SNAPSHOT\spring-boot-test-autoconfigure-2.0.0.BUILD-SNAPSHOT.jar;C:\Users\Shailja Sharma\.m2\repository\com\jayway\jsonpath\json-path\2.4.0\json-path-2.4.0.jar;C:\Users\Shailja Sharma\.m2\repository\net\minidev\json-smart\2.3\json-smart-2.3.jar;C:\Users\Shailja Sharma\.m2\repository\net\minidev\accessors-smart\1.2\accessors-smart-1.2.jar;C:\Users\Shailja Sharma\.m2\repository\org\ow2\asm\asm\5.0.4\asm-5.0.4.jar;C:\Users\Shailja Sharma\.m2\repository\junit\junit\4.12\junit-4.12.jar;C:\Users\Shailja Sharma\.m2\repository\org\assertj\assertj-core\3.8.0\assertj-core-3.8.0.jar;C:\Users\Shailja Sharma\.m2\repository\org\mockito\mockito-core\2.13.0\mockito-core-2.13.0.jar;C:\Users\Shailja Sharma\.m2\repository\net\bytebuddy\byte-buddy\1.7.9\byte-buddy-1.7.9.jar;C:\Users\Shailja Sharma\.m2\repository\net\bytebuddy\byte-buddy-agent\1.7.9\byte-buddy-agent-1.7.9.jar;C:\Users\Shailja Sharma\.m2\repository\org\objenesis\objenesis\2.6\objenesis-2.6.jar;C:\Users\Shailja Sharma\.m2\repository\org\hamcrest\hamcrest-core\1.3\hamcrest-core-1.3.jar;C:\Users\Shailja Sharma\.m2\repository\org\hamcrest\hamcrest-library\1.3\hamcrest-library-1.3.jar;C:\Users\Shailja Sharma\.m2\repository\org\skyscreamer\jsonassert\1.5.0\jsonassert-1.5.0.jar;C:\Users\Shailja Sharma\.m2\repository\com\vaadin\external\google\android-json\0.0.20131108.vaadin1\android-json-0.0.20131108.vaadin1.jar;C:\Users\Shailja Sharma\.m2\repository\org\springframework\spring-core\5.0.2.RELEASE\spring-core-5.0.2.RELEASE.jar;C:\Users\Shailja Sharma\.m2\repository\org\springframework\spring-jcl\5.0.2.RELEASE\spring-jcl-5.0.2.RELEASE.jar;C:\Users\Shailja Sharma\.m2\repository\org\springframework\spring-test\5.0.2.RELEASE\spring-test-5.0.2.RELEASE.jar;C:\Users\Shailja Sharma\.m2\repository\org\xmlunit\xmlunit-core\2.5.1\xmlunit-core-2.5.1.jar;C:\Users\Shailja Sharma\.m2\repository\org\springframework\security\spring-security-test\5.0.0.RELEASE\spring-security-test-5.0.0.RELEASE.jar;C:\Users\Shailja Sharma\.m2\repository\org\springframework\security\spring-security-core\5.0.0.RELEASE\spring-security-core-5.0.0.RELEASE.jar;, user.name=Shailja, java.vm.specification.version=1.8, sun.java.command=C:\Users\SHAILJ~1\AppData\Local\Temp\surefire2683352134977063736\surefirebooter5417430683219961117.jar C:\Users\Shailja Sharma\AppData\Local\Temp\surefire2683352134977063736 2018-01-04T12-24-59_346-jvmRun1 surefire4853966728561119627tmp surefire_0873904670403541664tmp, java.home=C:\Java8\jre, sun.arch.data.model=64, user.language=en, java.specification.vendor=Oracle Corporation, awt.toolkit=sun.awt.windows.WToolkit, java.vm.info=mixed mode, java.version=1.8.0_131, java.ext.dirs=C:\Java8\jre\lib\ext;C:\WINDOWS\Sun\Java\lib\ext, sun.boot.class.path=C:\Java8\jre\lib\resources.jar;C:\Java8\jre\lib\rt.jar;C:\Java8\jre\lib\sunrsasign.jar;C:\Java8\jre\lib\jsse.jar;C:\Java8\jre\lib\jce.jar;C:\Java8\jre\lib\charsets.jar;C:\Java8\jre\lib\jfr.jar;C:\Java8\jre\classes, java.vendor=Oracle Corporation, localRepository=C:\Users\Shailja Sharma\.m2\repository, file.separator=\, java.vendor.url.bug=http://bugreport.sun.com/bugreport/, sun.io.unicode.encoding=UnicodeLittle, sun.cpu.endian=little, sun.desktop=windows, sun.cpu.isalist=amd64}}, SystemEnvironmentPropertySource@1816089958 {name='systemEnvironment', properties={PATH=C:\Java8\jre\bin;C:/Java8/bin/../jre/bin/server;C:/Java8/bin/../jre/bin;C:/Java8/bin/../jre/lib/amd64;C:\Program Files\Docker\Docker\Resources\bin;C:\Program Files (x86)\Intel\TXE Components\TCS\;C:\Program Files\Intel\TXE Components\TCS\;C:\WINDOWS\system32;C:\WINDOWS;C:\WINDOWS\System32\Wbem;C:\WINDOWS\System32\WindowsPowerShell\v1.0\;C:\Program Files\Intel\WiFi\bin\;C:\Program Files\Common Files\Intel\WirelessCommon\;C:\Java8\bin;C:\Program Files\Git\cmd;C:\Program Files\nodejs\;C:\Program Files\Docker\Docker\Resources\bin;C:\Program Files (x86)\Intel\TXE Components\TCS\;C:\Program Files\Intel\TXE Components\TCS\;C:\WINDOWS\system32;C:\WINDOWS;C:\WINDOWS\System32\Wbem;C:\WINDOWS\System32\WindowsPowerShell\v1.0\;C:\Program Files\Intel\WiFi\bin\;C:\Program Files\Common Files\Intel\WirelessCommon\;C:\Java8\bin;C:\Program Files\Git\cmd;C:\Program Files\nodejs\;C:\Ajay\hadoop-2.6.2\bin;C:\Ajay\hadoop-2.6.2\sbin;C:\Ajay\hadoop-2.6.2\share\hadoop\common\*;C:\Ajay\hadoop-2.6.2\share\hadoop\hdfs;C:\Ajay\hadoop-2.6.2\share\hadoop\hdfs\lib\*;C:\Ajay\hadoop-2.6.2\share\hadoop\hdfs\*;C:\Ajay\hadoop-2.6.2\share\hadoop\yarn\lib\*;C:\Ajay\hadoop-2.6.2\share\hadoop\yarn\*;C:\Ajay\hadoop-2.6.2\share\hadoop\mapreduce\lib\*;C:\Ajay\hadoop-2.6.2\share\hadoop\mapreduce\*;C:\Ajay\hadoop-2.6.2\share\hadoop\common\lib\*;C:\Users\Shailja Sharma\AppData\Local\Microsoft\WindowsApps;C:\Ajay\gradle-4.0.2\bin;C:\Program Files\Microsoft VS Code\bin;C:\Users\Shailja Sharma\AppData\Roaming\npm;C:\Ajay\apache-maven-3.5.2\bin;C:\Ajay\sts-bundle\sts-3.9.2.RELEASE;, USERDOMAIN_ROAMINGPROFILE=DESKTOP-7FJFCFL, LOCALAPPDATA=C:\Users\Shailja Sharma\AppData\Local, PROCESSOR_LEVEL=6, SYSTEMDRIVE=C:, COMMONPROGRAMFILES(X86)=C:\Program Files (x86)\Common Files, USERDOMAIN=DESKTOP-7FJFCFL, FPS_BROWSER_APP_PROFILE_STRING=Internet Explorer, LOGONSERVER=\\DESKTOP-7FJFCFL, JAVA_HOME=C:\Java8, PROMPT=$P$G, SESSIONNAME=Console, ALLUSERSPROFILE=C:\ProgramData, PROGRAMFILES(X86)=C:\Program Files (x86), PROCESSOR_ARCHITECTURE=AMD64, ERLANG_HOME=C:\Program Files\erl9.1, PROGRAMFILES=C:\Program Files, =C:=C:\PersonalData\engr1\toDoApp\pyramid-todo, APPDATA=C:\Users\Shailja Sharma\AppData\Roaming, MOZ_PLUGIN_PATH=C:\PROGRAM FILES (X86)\FOXIT SOFTWARE\FOXIT READER\plugins\, PSMODULEPATH=C:\WINDOWS\system32\WindowsPowerShell\v1.0\Modules\, PROGRAMW6432=C:\Program Files, PROGRAMDATA=C:\ProgramData, SYSTEMROOT=C:\WINDOWS, USERNAME=Shailja, ECLIPSE_HOME=C:\Ajay\eclipse, VBOX_MSI_INSTALL_PATH=C:\Program Files\Oracle\VirtualBox\, FPS_BROWSER_USER_PROFILE_STRING=Default, ONEDRIVE=C:\Users\Shailja Sharma\OneDrive, CONFIGSETROOT=C:\WINDOWS\ConfigSetRoot, PATHEXT=.COM;.EXE;.BAT;.CMD;.VBS;.VBE;.JS;.JSE;.WSF;.WSH;.MSC, OS=Windows_NT, COMMONPROGRAMW6432=C:\Program Files\Common Files, COMPUTERNAME=DESKTOP-7FJFCFL, COMMONPROGRAMFILES=C:\Program Files\Common Files, COMSPEC=C:\WINDOWS\system32\cmd.exe, PROCESSOR_REVISION=3708, CLASSPATH=.;C:\Ajay\hadoop-2.8.0\share\hadoop\common\*;C:\Ajay\hadoop-2.8.0\share\hadoop\hdfs;C:\Ajay\hadoop-2.8.0\share\hadoop\hdfs\lib\*;C:\Ajay\hadoop-2.8.0\share\hadoop\hdfs\*;C:\Ajay\hadoop-2.8.0\share\hadoop\yarn\lib\*;C:\Ajay\hadoop-2.8.0\share\hadoop\yarn\*;C:\Ajay\hadoop-2.8.0\share\hadoop\mapreduce\lib\*;C:\Ajay\hadoop-2.8.0\share\hadoop\mapreduce\*;C:\Ajay\hadoop-2.8.0\share\hadoop\common\lib\*, WINDIR=C:\WINDOWS, HOMEPATH=\Users\Shailja Sharma, TEMP=C:\Users\SHAILJ~1\AppData\Local\Temp, HOMEDRIVE=C:, PROCESSOR_IDENTIFIER=Intel64 Family 6 Model 55 Stepping 8, GenuineIntel, USERPROFILE=C:\Users\Shailja Sharma, TMP=C:\Users\SHAILJ~1\AppData\Local\Temp, HADOOP_HOME=C:\Ajay\hadoop-2.6.2, PUBLIC=C:\Users\Public, NUMBER_OF_PROCESSORS=4}}]
12:25:03.574 [main] DEBUG org.springframework.core.io.support.PathMatchingResourcePatternResolver - Resolved classpath location [org/pyramid/todo/] to resources [URL [file:/C:/PersonalData/engr1/toDoApp/pyramid-todo/target/test-classes/org/pyramid/todo/], URL [file:/C:/PersonalData/engr1/toDoApp/pyramid-todo/target/classes/org/pyramid/todo/]]
12:25:03.574 [main] DEBUG org.springframework.core.io.support.PathMatchingResourcePatternResolver - Looking for matching resources in directory tree [C:\PersonalData\engr1\toDoApp\pyramid-todo\target\test-classes\org\pyramid\todo]
12:25:03.574 [main] DEBUG org.springframework.core.io.support.PathMatchingResourcePatternResolver - Searching directory [C:\PersonalData\engr1\toDoApp\pyramid-todo\target\test-classes\org\pyramid\todo] for files matching pattern [C:/PersonalData/engr1/toDoApp/pyramid-todo/target/test-classes/org/pyramid/todo/*.class]
12:25:03.574 [main] DEBUG org.springframework.core.io.support.PathMatchingResourcePatternResolver - Looking for matching resources in directory tree [C:\PersonalData\engr1\toDoApp\pyramid-todo\target\classes\org\pyramid\todo]
12:25:03.574 [main] DEBUG org.springframework.core.io.support.PathMatchingResourcePatternResolver - Searching directory [C:\PersonalData\engr1\toDoApp\pyramid-todo\target\classes\org\pyramid\todo] for files matching pattern [C:/PersonalData/engr1/toDoApp/pyramid-todo/target/classes/org/pyramid/todo/*.class]
12:25:03.590 [main] DEBUG org.springframework.core.io.support.PathMatchingResourcePatternResolver - Resolved location pattern [classpath*:org/pyramid/todo/*.class] to resources [file [C:\PersonalData\engr1\toDoApp\pyramid-todo\target\test-classes\org\pyramid\todo\PyramidTodoApplicationTests.class], file [C:\PersonalData\engr1\toDoApp\pyramid-todo\target\classes\org\pyramid\todo\PyramidTodoApplication.class]]
12:25:03.790 [main] DEBUG org.springframework.context.annotation.ClassPathScanningCandidateComponentProvider - Identified candidate component class: file [C:\PersonalData\engr1\toDoApp\pyramid-todo\target\classes\org\pyramid\todo\PyramidTodoApplication.class]
12:25:03.811 [main] INFO org.springframework.boot.test.context.SpringBootTestContextBootstrapper - Found @SpringBootConfiguration org.pyramid.todo.PyramidTodoApplication for test class org.pyramid.todo.PyramidTodoApplicationTests
12:25:04.312 [main] DEBUG org.springframework.boot.test.context.SpringBootTestContextBootstrapper - @TestExecutionListeners is not present for class [org.pyramid.todo.PyramidTodoApplicationTests]: using defaults.
12:25:04.313 [main] INFO org.springframework.boot.test.context.SpringBootTestContextBootstrapper - Loaded default TestExecutionListener class names from location [META-INF/spring.factories]: [org.springframework.boot.test.mock.mockito.MockitoTestExecutionListener, org.springframework.boot.test.mock.mockito.ResetMocksTestExecutionListener, org.springframework.boot.test.autoconfigure.restdocs.RestDocsTestExecutionListener, org.springframework.boot.test.autoconfigure.web.client.MockRestServiceServerResetTestExecutionListener, org.springframework.boot.test.autoconfigure.web.servlet.MockMvcPrintOnlyOnFailureTestExecutionListener, org.springframework.boot.test.autoconfigure.web.servlet.WebDriverTestExecutionListener, org.springframework.test.context.web.ServletTestExecutionListener, org.springframework.test.context.support.DirtiesContextBeforeModesTestExecutionListener, org.springframework.test.context.support.DependencyInjectionTestExecutionListener, org.springframework.test.context.support.DirtiesContextTestExecutionListener, org.springframework.test.context.transaction.TransactionalTestExecutionListener, org.springframework.test.context.jdbc.SqlScriptsTestExecutionListener, org.springframework.security.test.context.support.WithSecurityContextTestExecutionListener, org.springframework.security.test.context.support.ReactorContextTestExecutionListener]
12:25:04.377 [main] INFO org.springframework.boot.test.context.SpringBootTestContextBootstrapper - Using TestExecutionListeners: [org.springframework.test.context.web.ServletTestExecutionListener@2a5c8d3f, org.springframework.test.context.support.DirtiesContextBeforeModesTestExecutionListener@752325ad, org.springframework.boot.test.autoconfigure.SpringBootDependencyInjectionTestExecutionListener@279fedbd, org.springframework.test.context.support.DirtiesContextTestExecutionListener@b3ca52e, org.springframework.test.context.transaction.TransactionalTestExecutionListener@45c7e403, org.springframework.test.context.jdbc.SqlScriptsTestExecutionListener@2925bf5b, org.springframework.security.test.context.support.WithSecurityContextTestExecutionListener@710f4dc7, org.springframework.security.test.context.support.ReactorContextTestExecutionListener@1ff4931d, org.springframework.boot.test.autoconfigure.restdocs.RestDocsTestExecutionListener@65e98b1c, org.springframework.boot.test.autoconfigure.web.servlet.MockMvcPrintOnlyOnFailureTestExecutionListener@61322f9d, org.springframework.boot.test.mock.mockito.ResetMocksTestExecutionListener@6ad82709, org.springframework.boot.test.mock.mockito.MockitoTestExecutionListener@510f3d34, org.springframework.boot.test.autoconfigure.web.servlet.WebDriverTestExecutionListener@7817fd62, org.springframework.boot.test.autoconfigure.web.client.MockRestServiceServerResetTestExecutionListener@8297b3a]
12:25:04.392 [main] DEBUG org.springframework.test.annotation.ProfileValueUtils - Retrieved @ProfileValueSourceConfiguration [null] for test class [org.pyramid.todo.PyramidTodoApplicationTests]
12:25:04.392 [main] DEBUG org.springframework.test.annotation.ProfileValueUtils - Retrieved ProfileValueSource type [class org.springframework.test.annotation.SystemProfileValueSource] for class [org.pyramid.todo.PyramidTodoApplicationTests]
12:25:04.392 [main] DEBUG org.springframework.test.annotation.ProfileValueUtils - Retrieved @ProfileValueSourceConfiguration [null] for test class [org.pyramid.todo.PyramidTodoApplicationTests]
12:25:04.392 [main] DEBUG org.springframework.test.annotation.ProfileValueUtils - Retrieved ProfileValueSource type [class org.springframework.test.annotation.SystemProfileValueSource] for class [org.pyramid.todo.PyramidTodoApplicationTests]
12:25:04.392 [main] DEBUG org.springframework.test.annotation.ProfileValueUtils - Retrieved @ProfileValueSourceConfiguration [null] for test class [org.pyramid.todo.PyramidTodoApplicationTests]
12:25:04.392 [main] DEBUG org.springframework.test.annotation.ProfileValueUtils - Retrieved ProfileValueSource type [class org.springframework.test.annotation.SystemProfileValueSource] for class [org.pyramid.todo.PyramidTodoApplicationTests]
12:25:04.413 [main] DEBUG org.springframework.test.context.support.AbstractDirtiesContextTestExecutionListener - Before test class: context [DefaultTestContext@7dc0f706 testClass = PyramidTodoApplicationTests, testInstance = [null], testMethod = [null], testException = [null], mergedContextConfiguration = [WebMergedContextConfiguration@4009e306 testClass = PyramidTodoApplicationTests, locations = '{}', classes = '{class org.pyramid.todo.PyramidTodoApplication}', contextInitializerClasses = '[]', activeProfiles = '{}', propertySourceLocations = '{}', propertySourceProperties = '{org.springframework.boot.test.context.SpringBootTestContextBootstrapper=true}', contextCustomizers = set[org.springframework.boot.test.context.SpringBootTestContextCustomizer@4b53f538, org.springframework.boot.test.context.filter.ExcludeFilterContextCustomizer@7ba18f1b, org.springframework.boot.test.json.DuplicateJsonObjectContextCustomizerFactory$DuplicateJsonObjectContextCustomizer@7dc222ae, org.springframework.boot.test.mock.mockito.MockitoContextCustomizer@0, org.springframework.boot.test.autoconfigure.properties.PropertyMappingContextCustomizer@0, org.springframework.boot.test.autoconfigure.web.servlet.WebDriverContextCustomizerFactory$Customizer@1188e820], resourceBasePath = 'src/main/webapp', contextLoader = 'org.springframework.boot.test.context.SpringBootContextLoader', parent = [null]], attributes = map['org.springframework.test.context.web.ServletTestExecutionListener.activateListener' -> true]], class annotated with @DirtiesContext [false] with mode [null].
12:25:04.413 [main] DEBUG org.springframework.test.annotation.ProfileValueUtils - Retrieved @ProfileValueSourceConfiguration [null] for test class [org.pyramid.todo.PyramidTodoApplicationTests]
12:25:04.413 [main] DEBUG org.springframework.test.annotation.ProfileValueUtils - Retrieved ProfileValueSource type [class org.springframework.test.annotation.SystemProfileValueSource] for class [org.pyramid.todo.PyramidTodoApplicationTests]
12:25:04.506 [main] DEBUG org.springframework.core.env.StandardEnvironment - Adding PropertySource 'systemProperties' with lowest search precedence
12:25:04.506 [main] DEBUG org.springframework.core.env.StandardEnvironment - Adding PropertySource 'systemEnvironment' with lowest search precedence
12:25:04.507 [main] DEBUG org.springframework.core.env.StandardEnvironment - Initialized StandardEnvironment with PropertySources [MapPropertySource@1730704097 {name='systemProperties', properties={java.runtime.name=Java(TM) SE Runtime Environment, sun.boot.library.path=C:\Java8\jre\bin, java.vm.version=25.131-b11, java.vm.vendor=Oracle Corporation, java.vendor.url=http://java.oracle.com/, path.separator=;, java.vm.name=Java HotSpot(TM) 64-Bit Server VM, file.encoding.pkg=sun.io, user.country=IN, user.script=, sun.java.launcher=SUN_STANDARD, sun.os.patch.level=, java.vm.specification.name=Java Virtual Machine Specification, user.dir=C:\PersonalData\engr1\toDoApp\pyramid-todo, java.runtime.version=1.8.0_131-b11, basedir=C:\PersonalData\engr1\toDoApp\pyramid-todo, java.awt.graphicsenv=sun.awt.Win32GraphicsEnvironment, java.endorsed.dirs=C:\Java8\jre\lib\endorsed, os.arch=amd64, surefire.real.class.path=C:\Users\SHAILJ~1\AppData\Local\Temp\surefire2683352134977063736\surefirebooter5417430683219961117.jar, java.io.tmpdir=C:\Users\SHAILJ~1\AppData\Local\Temp\, line.separator=
, java.vm.specification.vendor=Oracle Corporation, user.variant=, os.name=Windows 10, sun.jnu.encoding=Cp1252, java.library.path=C:\Java8\jre\bin;C:\WINDOWS\Sun\Java\bin;C:\WINDOWS\system32;C:\WINDOWS;C:\Java8\jre\bin;C:/Java8/bin/../jre/bin/server;C:/Java8/bin/../jre/bin;C:/Java8/bin/../jre/lib/amd64;C:\Program Files\Docker\Docker\Resources\bin;C:\Program Files (x86)\Intel\TXE Components\TCS\;C:\Program Files\Intel\TXE Components\TCS\;C:\WINDOWS\system32;C:\WINDOWS;C:\WINDOWS\System32\Wbem;C:\WINDOWS\System32\WindowsPowerShell\v1.0\;C:\Program Files\Intel\WiFi\bin\;C:\Program Files\Common Files\Intel\WirelessCommon\;C:\Java8\bin;C:\Program Files\Git\cmd;C:\Program Files\nodejs\;C:\Program Files\Docker\Docker\Resources\bin;C:\Program Files (x86)\Intel\TXE Components\TCS\;C:\Program Files\Intel\TXE Components\TCS\;C:\WINDOWS\system32;C:\WINDOWS;C:\WINDOWS\System32\Wbem;C:\WINDOWS\System32\WindowsPowerShell\v1.0\;C:\Program Files\Intel\WiFi\bin\;C:\Program Files\Common Files\Intel\WirelessCommon\;C:\Java8\bin;C:\Program Files\Git\cmd;C:\Program Files\nodejs\;C:\Ajay\hadoop-2.6.2\bin;C:\Ajay\hadoop-2.6.2\sbin;C:\Ajay\hadoop-2.6.2\share\hadoop\common\*;C:\Ajay\hadoop-2.6.2\share\hadoop\hdfs;C:\Ajay\hadoop-2.6.2\share\hadoop\hdfs\lib\*;C:\Ajay\hadoop-2.6.2\share\hadoop\hdfs\*;C:\Ajay\hadoop-2.6.2\share\hadoop\yarn\lib\*;C:\Ajay\hadoop-2.6.2\share\hadoop\yarn\*;C:\Ajay\hadoop-2.6.2\share\hadoop\mapreduce\lib\*;C:\Ajay\hadoop-2.6.2\share\hadoop\mapreduce\*;C:\Ajay\hadoop-2.6.2\share\hadoop\common\lib\*;C:\Users\Shailja Sharma\AppData\Local\Microsoft\WindowsApps;C:\Ajay\gradle-4.0.2\bin;C:\Program Files\Microsoft VS Code\bin;C:\Users\Shailja Sharma\AppData\Roaming\npm;C:\Ajay\apache-maven-3.5.2\bin;C:\Ajay\sts-bundle\sts-3.9.2.RELEASE;;., surefire.test.class.path=C:\PersonalData\engr1\toDoApp\pyramid-todo\target\test-classes;C:\PersonalData\engr1\toDoApp\pyramid-todo\target\classes;C:\Users\Shailja Sharma\.m2\repository\org\springframework\boot\spring-boot-starter-data-jpa\2.0.0.BUILD-SNAPSHOT\spring-boot-starter-data-jpa-2.0.0.BUILD-SNAPSHOT.jar;C:\Users\Shailja Sharma\.m2\repository\org\springframework\boot\spring-boot-starter\2.0.0.BUILD-SNAPSHOT\spring-boot-starter-2.0.0.BUILD-SNAPSHOT.jar;C:\Users\Shailja Sharma\.m2\repository\org\springframework\boot\spring-boot-starter-logging\2.0.0.BUILD-SNAPSHOT\spring-boot-starter-logging-2.0.0.BUILD-SNAPSHOT.jar;C:\Users\Shailja Sharma\.m2\repository\ch\qos\logback\logback-classic\1.2.3\logback-classic-1.2.3.jar;C:\Users\Shailja Sharma\.m2\repository\ch\qos\logback\logback-core\1.2.3\logback-core-1.2.3.jar;C:\Users\Shailja Sharma\.m2\repository\org\apache\logging\log4j\log4j-to-slf4j\2.10.0\log4j-to-slf4j-2.10.0.jar;C:\Users\Shailja Sharma\.m2\repository\org\apache\logging\log4j\log4j-api\2.10.0\log4j-api-2.10.0.jar;C:\Users\Shailja Sharma\.m2\repository\org\slf4j\jul-to-slf4j\1.7.25\jul-to-slf4j-1.7.25.jar;C:\Users\Shailja Sharma\.m2\repository\javax\annotation\javax.annotation-api\1.3.1\javax.annotation-api-1.3.1.jar;C:\Users\Shailja Sharma\.m2\repository\org\yaml\snakeyaml\1.19\snakeyaml-1.19.jar;C:\Users\Shailja Sharma\.m2\repository\org\springframework\boot\spring-boot-starter-aop\2.0.0.BUILD-SNAPSHOT\spring-boot-starter-aop-2.0.0.BUILD-SNAPSHOT.jar;C:\Users\Shailja Sharma\.m2\repository\org\aspectj\aspectjweaver\1.8.13\aspectjweaver-1.8.13.jar;C:\Users\Shailja Sharma\.m2\repository\org\springframework\boot\spring-boot-starter-jdbc\2.0.0.BUILD-SNAPSHOT\spring-boot-starter-jdbc-2.0.0.BUILD-SNAPSHOT.jar;C:\Users\Shailja Sharma\.m2\repository\com\zaxxer\HikariCP\2.7.4\HikariCP-2.7.4.jar;C:\Users\Shailja Sharma\.m2\repository\org\springframework\spring-jdbc\5.0.2.RELEASE\spring-jdbc-5.0.2.RELEASE.jar;C:\Users\Shailja Sharma\.m2\repository\org\hibernate\hibernate-core\5.2.12.Final\hibernate-core-5.2.12.Final.jar;C:\Users\Shailja Sharma\.m2\repository\org\jboss\logging\jboss-logging\3.3.1.Final\jboss-logging-3.3.1.Final.jar;C:\Users\Shailja Sharma\.m2\repository\org\hibernate\javax\persistence\hibernate-jpa-2.1-api\1.0.0.Final\hibernate-jpa-2.1-api-1.0.0.Final.jar;C:\Users\Shailja Sharma\.m2\repository\org\javassist\javassist\3.22.0-CR2\javassist-3.22.0-CR2.jar;C:\Users\Shailja Sharma\.m2\repository\antlr\antlr\2.7.7\antlr-2.7.7.jar;C:\Users\Shailja Sharma\.m2\repository\org\jboss\jandex\2.0.3.Final\jandex-2.0.3.Final.jar;C:\Users\Shailja Sharma\.m2\repository\com\fasterxml\classmate\1.3.4\classmate-1.3.4.jar;C:\Users\Shailja Sharma\.m2\repository\dom4j\dom4j\1.6.1\dom4j-1.6.1.jar;C:\Users\Shailja Sharma\.m2\repository\org\hibernate\common\hibernate-commons-annotations\5.0.1.Final\hibernate-commons-annotations-5.0.1.Final.jar;C:\Users\Shailja Sharma\.m2\repository\javax\transaction\javax.transaction-api\1.2\javax.transaction-api-1.2.jar;C:\Users\Shailja Sharma\.m2\repository\org\springframework\data\spring-data-jpa\2.0.2.RELEASE\spring-data-jpa-2.0.2.RELEASE.jar;C:\Users\Shailja Sharma\.m2\repository\org\springframework\data\spring-data-commons\2.0.2.RELEASE\spring-data-commons-2.0.2.RELEASE.jar;C:\Users\Shailja Sharma\.m2\repository\org\springframework\spring-orm\5.0.2.RELEASE\spring-orm-5.0.2.RELEASE.jar;C:\Users\Shailja Sharma\.m2\repository\org\springframework\spring-context\5.0.2.RELEASE\spring-context-5.0.2.RELEASE.jar;C:\Users\Shailja Sharma\.m2\repository\org\springframework\spring-tx\5.0.2.RELEASE\spring-tx-5.0.2.RELEASE.jar;C:\Users\Shailja Sharma\.m2\repository\org\springframework\spring-beans\5.0.2.RELEASE\spring-beans-5.0.2.RELEASE.jar;C:\Users\Shailja Sharma\.m2\repository\org\slf4j\slf4j-api\1.7.25\slf4j-api-1.7.25.jar;C:\Users\Shailja Sharma\.m2\repository\org\springframework\spring-aspects\5.0.2.RELEASE\spring-aspects-5.0.2.RELEASE.jar;C:\Users\Shailja Sharma\.m2\repository\org\springframework\boot\spring-boot-starter-security\2.0.0.BUILD-SNAPSHOT\spring-boot-starter-security-2.0.0.BUILD-SNAPSHOT.jar;C:\Users\Shailja Sharma\.m2\repository\org\springframework\spring-aop\5.0.2.RELEASE\spring-aop-5.0.2.RELEASE.jar;C:\Users\Shailja Sharma\.m2\repository\org\springframework\security\spring-security-config\5.0.0.RELEASE\spring-security-config-5.0.0.RELEASE.jar;C:\Users\Shailja Sharma\.m2\repository\org\springframework\security\spring-security-web\5.0.0.RELEASE\spring-security-web-5.0.0.RELEASE.jar;C:\Users\Shailja Sharma\.m2\repository\org\springframework\spring-expression\5.0.2.RELEASE\spring-expression-5.0.2.RELEASE.jar;C:\Users\Shailja Sharma\.m2\repository\org\springframework\boot\spring-boot-starter-web\2.0.0.BUILD-SNAPSHOT\spring-boot-starter-web-2.0.0.BUILD-SNAPSHOT.jar;C:\Users\Shailja Sharma\.m2\repository\org\springframework\boot\spring-boot-starter-json\2.0.0.BUILD-SNAPSHOT\spring-boot-starter-json-2.0.0.BUILD-SNAPSHOT.jar;C:\Users\Shailja Sharma\.m2\repository\com\fasterxml\jackson\core\jackson-databind\2.9.2\jackson-databind-2.9.2.jar;C:\Users\Shailja Sharma\.m2\repository\com\fasterxml\jackson\core\jackson-annotations\2.9.0\jackson-annotations-2.9.0.jar;C:\Users\Shailja Sharma\.m2\repository\com\fasterxml\jackson\core\jackson-core\2.9.2\jackson-core-2.9.2.jar;C:\Users\Shailja Sharma\.m2\repository\com\fasterxml\jackson\datatype\jackson-datatype-jdk8\2.9.2\jackson-datatype-jdk8-2.9.2.jar;C:\Users\Shailja Sharma\.m2\repository\com\fasterxml\jackson\datatype\jackson-datatype-jsr310\2.9.2\jackson-datatype-jsr310-2.9.2.jar;C:\Users\Shailja Sharma\.m2\repository\com\fasterxml\jackson\module\jackson-module-parameter-names\2.9.2\jackson-module-parameter-names-2.9.2.jar;C:\Users\Shailja Sharma\.m2\repository\org\springframework\boot\spring-boot-starter-tomcat\2.0.0.BUILD-SNAPSHOT\spring-boot-starter-tomcat-2.0.0.BUILD-SNAPSHOT.jar;C:\Users\Shailja Sharma\.m2\repository\org\apache\tomcat\embed\tomcat-embed-websocket\8.5.24\tomcat-embed-websocket-8.5.24.jar;C:\Users\Shailja Sharma\.m2\repository\org\hibernate\validator\hibernate-validator\6.0.5.Final\hibernate-validator-6.0.5.Final.jar;C:\Users\Shailja Sharma\.m2\repository\javax\validation\validation-api\2.0.0.Final\validation-api-2.0.0.Final.jar;C:\Users\Shailja Sharma\.m2\repository\org\springframework\spring-web\5.0.2.RELEASE\spring-web-5.0.2.RELEASE.jar;C:\Users\Shailja Sharma\.m2\repository\org\springframework\spring-webmvc\5.0.2.RELEASE\spring-webmvc-5.0.2.RELEASE.jar;C:\Users\Shailja Sharma\.m2\repository\org\springframework\boot\spring-boot-devtools\2.0.0.BUILD-SNAPSHOT\spring-boot-devtools-2.0.0.BUILD-SNAPSHOT.jar;C:\Users\Shailja Sharma\.m2\repository\org\springframework\boot\spring-boot\2.0.0.BUILD-SNAPSHOT\spring-boot-2.0.0.BUILD-SNAPSHOT.jar;C:\Users\Shailja Sharma\.m2\repository\org\springframework\boot\spring-boot-autoconfigure\2.0.0.BUILD-SNAPSHOT\spring-boot-autoconfigure-2.0.0.BUILD-SNAPSHOT.jar;C:\Users\Shailja Sharma\.m2\repository\com\h2database\h2\1.4.196\h2-1.4.196.jar;C:\Users\Shailja Sharma\.m2\repository\org\apache\tomcat\embed\tomcat-embed-jasper\8.5.24\tomcat-embed-jasper-8.5.24.jar;C:\Users\Shailja Sharma\.m2\repository\org\apache\tomcat\embed\tomcat-embed-core\8.5.24\tomcat-embed-core-8.5.24.jar;C:\Users\Shailja Sharma\.m2\repository\org\apache\tomcat\tomcat-annotations-api\8.5.24\tomcat-annotations-api-8.5.24.jar;C:\Users\Shailja Sharma\.m2\repository\org\apache\tomcat\embed\tomcat-embed-el\8.5.24\tomcat-embed-el-8.5.24.jar;C:\Users\Shailja Sharma\.m2\repository\org\eclipse\jdt\ecj\3.12.3\ecj-3.12.3.jar;C:\Users\Shailja Sharma\.m2\repository\javax\servlet\jstl\1.2\jstl-1.2.jar;C:\Users\Shailja Sharma\.m2\repository\org\webjars\bootstrap\3.3.6\bootstrap-3.3.6.jar;C:\Users\Shailja Sharma\.m2\repository\org\webjars\jquery\1.9.1\jquery-1.9.1.jar;C:\Users\Shailja Sharma\.m2\repository\org\webjars\bootstrap-datepicker\1.0.1\bootstrap-datepicker-1.0.1.jar;C:\Users\Shailja Sharma\.m2\repository\org\springframework\boot\spring-boot-starter-test\2.0.0.BUILD-SNAPSHOT\spring-boot-starter-test-2.0.0.BUILD-SNAPSHOT.jar;C:\Users\Shailja Sharma\.m2\repository\org\springframework\boot\spring-boot-test\2.0.0.BUILD-SNAPSHOT\spring-boot-test-2.0.0.BUILD-SNAPSHOT.jar;C:\Users\Shailja Sharma\.m2\repository\org\springframework\boot\spring-boot-test-autoconfigure\2.0.0.BUILD-SNAPSHOT\spring-boot-test-autoconfigure-2.0.0.BUILD-SNAPSHOT.jar;C:\Users\Shailja Sharma\.m2\repository\com\jayway\jsonpath\json-path\2.4.0\json-path-2.4.0.jar;C:\Users\Shailja Sharma\.m2\repository\net\minidev\json-smart\2.3\json-smart-2.3.jar;C:\Users\Shailja Sharma\.m2\repository\net\minidev\accessors-smart\1.2\accessors-smart-1.2.jar;C:\Users\Shailja Sharma\.m2\repository\org\ow2\asm\asm\5.0.4\asm-5.0.4.jar;C:\Users\Shailja Sharma\.m2\repository\junit\junit\4.12\junit-4.12.jar;C:\Users\Shailja Sharma\.m2\repository\org\assertj\assertj-core\3.8.0\assertj-core-3.8.0.jar;C:\Users\Shailja Sharma\.m2\repository\org\mockito\mockito-core\2.13.0\mockito-core-2.13.0.jar;C:\Users\Shailja Sharma\.m2\repository\net\bytebuddy\byte-buddy\1.7.9\byte-buddy-1.7.9.jar;C:\Users\Shailja Sharma\.m2\repository\net\bytebuddy\byte-buddy-agent\1.7.9\byte-buddy-agent-1.7.9.jar;C:\Users\Shailja Sharma\.m2\repository\org\objenesis\objenesis\2.6\objenesis-2.6.jar;C:\Users\Shailja Sharma\.m2\repository\org\hamcrest\hamcrest-core\1.3\hamcrest-core-1.3.jar;C:\Users\Shailja Sharma\.m2\repository\org\hamcrest\hamcrest-library\1.3\hamcrest-library-1.3.jar;C:\Users\Shailja Sharma\.m2\repository\org\skyscreamer\jsonassert\1.5.0\jsonassert-1.5.0.jar;C:\Users\Shailja Sharma\.m2\repository\com\vaadin\external\google\android-json\0.0.20131108.vaadin1\android-json-0.0.20131108.vaadin1.jar;C:\Users\Shailja Sharma\.m2\repository\org\springframework\spring-core\5.0.2.RELEASE\spring-core-5.0.2.RELEASE.jar;C:\Users\Shailja Sharma\.m2\repository\org\springframework\spring-jcl\5.0.2.RELEASE\spring-jcl-5.0.2.RELEASE.jar;C:\Users\Shailja Sharma\.m2\repository\org\springframework\spring-test\5.0.2.RELEASE\spring-test-5.0.2.RELEASE.jar;C:\Users\Shailja Sharma\.m2\repository\org\xmlunit\xmlunit-core\2.5.1\xmlunit-core-2.5.1.jar;C:\Users\Shailja Sharma\.m2\repository\org\springframework\security\spring-security-test\5.0.0.RELEASE\spring-security-test-5.0.0.RELEASE.jar;C:\Users\Shailja Sharma\.m2\repository\org\springframework\security\spring-security-core\5.0.0.RELEASE\spring-security-core-5.0.0.RELEASE.jar;, java.specification.name=Java Platform API Specification, java.class.version=52.0, sun.management.compiler=HotSpot 64-Bit Tiered Compilers, os.version=10.0, user.home=C:\Users\Shailja Sharma, user.timezone=Asia/Calcutta, java.awt.printerjob=sun.awt.windows.WPrinterJob, file.encoding=Cp1252, java.specification.version=1.8, java.class.path=C:\PersonalData\engr1\toDoApp\pyramid-todo\target\test-classes;C:\PersonalData\engr1\toDoApp\pyramid-todo\target\classes;C:\Users\Shailja Sharma\.m2\repository\org\springframework\boot\spring-boot-starter-data-jpa\2.0.0.BUILD-SNAPSHOT\spring-boot-starter-data-jpa-2.0.0.BUILD-SNAPSHOT.jar;C:\Users\Shailja Sharma\.m2\repository\org\springframework\boot\spring-boot-starter\2.0.0.BUILD-SNAPSHOT\spring-boot-starter-2.0.0.BUILD-SNAPSHOT.jar;C:\Users\Shailja Sharma\.m2\repository\org\springframework\boot\spring-boot-starter-logging\2.0.0.BUILD-SNAPSHOT\spring-boot-starter-logging-2.0.0.BUILD-SNAPSHOT.jar;C:\Users\Shailja Sharma\.m2\repository\ch\qos\logback\logback-classic\1.2.3\logback-classic-1.2.3.jar;C:\Users\Shailja Sharma\.m2\repository\ch\qos\logback\logback-core\1.2.3\logback-core-1.2.3.jar;C:\Users\Shailja Sharma\.m2\repository\org\apache\logging\log4j\log4j-to-slf4j\2.10.0\log4j-to-slf4j-2.10.0.jar;C:\Users\Shailja Sharma\.m2\repository\org\apache\logging\log4j\log4j-api\2.10.0\log4j-api-2.10.0.jar;C:\Users\Shailja Sharma\.m2\repository\org\slf4j\jul-to-slf4j\1.7.25\jul-to-slf4j-1.7.25.jar;C:\Users\Shailja Sharma\.m2\repository\javax\annotation\javax.annotation-api\1.3.1\javax.annotation-api-1.3.1.jar;C:\Users\Shailja Sharma\.m2\repository\org\yaml\snakeyaml\1.19\snakeyaml-1.19.jar;C:\Users\Shailja Sharma\.m2\repository\org\springframework\boot\spring-boot-starter-aop\2.0.0.BUILD-SNAPSHOT\spring-boot-starter-aop-2.0.0.BUILD-SNAPSHOT.jar;C:\Users\Shailja Sharma\.m2\repository\org\aspectj\aspectjweaver\1.8.13\aspectjweaver-1.8.13.jar;C:\Users\Shailja Sharma\.m2\repository\org\springframework\boot\spring-boot-starter-jdbc\2.0.0.BUILD-SNAPSHOT\spring-boot-starter-jdbc-2.0.0.BUILD-SNAPSHOT.jar;C:\Users\Shailja Sharma\.m2\repository\com\zaxxer\HikariCP\2.7.4\HikariCP-2.7.4.jar;C:\Users\Shailja Sharma\.m2\repository\org\springframework\spring-jdbc\5.0.2.RELEASE\spring-jdbc-5.0.2.RELEASE.jar;C:\Users\Shailja Sharma\.m2\repository\org\hibernate\hibernate-core\5.2.12.Final\hibernate-core-5.2.12.Final.jar;C:\Users\Shailja Sharma\.m2\repository\org\jboss\logging\jboss-logging\3.3.1.Final\jboss-logging-3.3.1.Final.jar;C:\Users\Shailja Sharma\.m2\repository\org\hibernate\javax\persistence\hibernate-jpa-2.1-api\1.0.0.Final\hibernate-jpa-2.1-api-1.0.0.Final.jar;C:\Users\Shailja Sharma\.m2\repository\org\javassist\javassist\3.22.0-CR2\javassist-3.22.0-CR2.jar;C:\Users\Shailja Sharma\.m2\repository\antlr\antlr\2.7.7\antlr-2.7.7.jar;C:\Users\Shailja Sharma\.m2\repository\org\jboss\jandex\2.0.3.Final\jandex-2.0.3.Final.jar;C:\Users\Shailja Sharma\.m2\repository\com\fasterxml\classmate\1.3.4\classmate-1.3.4.jar;C:\Users\Shailja Sharma\.m2\repository\dom4j\dom4j\1.6.1\dom4j-1.6.1.jar;C:\Users\Shailja Sharma\.m2\repository\org\hibernate\common\hibernate-commons-annotations\5.0.1.Final\hibernate-commons-annotations-5.0.1.Final.jar;C:\Users\Shailja Sharma\.m2\repository\javax\transaction\javax.transaction-api\1.2\javax.transaction-api-1.2.jar;C:\Users\Shailja Sharma\.m2\repository\org\springframework\data\spring-data-jpa\2.0.2.RELEASE\spring-data-jpa-2.0.2.RELEASE.jar;C:\Users\Shailja Sharma\.m2\repository\org\springframework\data\spring-data-commons\2.0.2.RELEASE\spring-data-commons-2.0.2.RELEASE.jar;C:\Users\Shailja Sharma\.m2\repository\org\springframework\spring-orm\5.0.2.RELEASE\spring-orm-5.0.2.RELEASE.jar;C:\Users\Shailja Sharma\.m2\repository\org\springframework\spring-context\5.0.2.RELEASE\spring-context-5.0.2.RELEASE.jar;C:\Users\Shailja Sharma\.m2\repository\org\springframework\spring-tx\5.0.2.RELEASE\spring-tx-5.0.2.RELEASE.jar;C:\Users\Shailja Sharma\.m2\repository\org\springframework\spring-beans\5.0.2.RELEASE\spring-beans-5.0.2.RELEASE.jar;C:\Users\Shailja Sharma\.m2\repository\org\slf4j\slf4j-api\1.7.25\slf4j-api-1.7.25.jar;C:\Users\Shailja Sharma\.m2\repository\org\springframework\spring-aspects\5.0.2.RELEASE\spring-aspects-5.0.2.RELEASE.jar;C:\Users\Shailja Sharma\.m2\repository\org\springframework\boot\spring-boot-starter-security\2.0.0.BUILD-SNAPSHOT\spring-boot-starter-security-2.0.0.BUILD-SNAPSHOT.jar;C:\Users\Shailja Sharma\.m2\repository\org\springframework\spring-aop\5.0.2.RELEASE\spring-aop-5.0.2.RELEASE.jar;C:\Users\Shailja Sharma\.m2\repository\org\springframework\security\spring-security-config\5.0.0.RELEASE\spring-security-config-5.0.0.RELEASE.jar;C:\Users\Shailja Sharma\.m2\repository\org\springframework\security\spring-security-web\5.0.0.RELEASE\spring-security-web-5.0.0.RELEASE.jar;C:\Users\Shailja Sharma\.m2\repository\org\springframework\spring-expression\5.0.2.RELEASE\spring-expression-5.0.2.RELEASE.jar;C:\Users\Shailja Sharma\.m2\repository\org\springframework\boot\spring-boot-starter-web\2.0.0.BUILD-SNAPSHOT\spring-boot-starter-web-2.0.0.BUILD-SNAPSHOT.jar;C:\Users\Shailja Sharma\.m2\repository\org\springframework\boot\spring-boot-starter-json\2.0.0.BUILD-SNAPSHOT\spring-boot-starter-json-2.0.0.BUILD-SNAPSHOT.jar;C:\Users\Shailja Sharma\.m2\repository\com\fasterxml\jackson\core\jackson-databind\2.9.2\jackson-databind-2.9.2.jar;C:\Users\Shailja Sharma\.m2\repository\com\fasterxml\jackson\core\jackson-annotations\2.9.0\jackson-annotations-2.9.0.jar;C:\Users\Shailja Sharma\.m2\repository\com\fasterxml\jackson\core\jackson-core\2.9.2\jackson-core-2.9.2.jar;C:\Users\Shailja Sharma\.m2\repository\com\fasterxml\jackson\datatype\jackson-datatype-jdk8\2.9.2\jackson-datatype-jdk8-2.9.2.jar;C:\Users\Shailja Sharma\.m2\repository\com\fasterxml\jackson\datatype\jackson-datatype-jsr310\2.9.2\jackson-datatype-jsr310-2.9.2.jar;C:\Users\Shailja Sharma\.m2\repository\com\fasterxml\jackson\module\jackson-module-parameter-names\2.9.2\jackson-module-parameter-names-2.9.2.jar;C:\Users\Shailja Sharma\.m2\repository\org\springframework\boot\spring-boot-starter-tomcat\2.0.0.BUILD-SNAPSHOT\spring-boot-starter-tomcat-2.0.0.BUILD-SNAPSHOT.jar;C:\Users\Shailja Sharma\.m2\repository\org\apache\tomcat\embed\tomcat-embed-websocket\8.5.24\tomcat-embed-websocket-8.5.24.jar;C:\Users\Shailja Sharma\.m2\repository\org\hibernate\validator\hibernate-validator\6.0.5.Final\hibernate-validator-6.0.5.Final.jar;C:\Users\Shailja Sharma\.m2\repository\javax\validation\validation-api\2.0.0.Final\validation-api-2.0.0.Final.jar;C:\Users\Shailja Sharma\.m2\repository\org\springframework\spring-web\5.0.2.RELEASE\spring-web-5.0.2.RELEASE.jar;C:\Users\Shailja Sharma\.m2\repository\org\springframework\spring-webmvc\5.0.2.RELEASE\spring-webmvc-5.0.2.RELEASE.jar;C:\Users\Shailja Sharma\.m2\repository\org\springframework\boot\spring-boot-devtools\2.0.0.BUILD-SNAPSHOT\spring-boot-devtools-2.0.0.BUILD-SNAPSHOT.jar;C:\Users\Shailja Sharma\.m2\repository\org\springframework\boot\spring-boot\2.0.0.BUILD-SNAPSHOT\spring-boot-2.0.0.BUILD-SNAPSHOT.jar;C:\Users\Shailja Sharma\.m2\repository\org\springframework\boot\spring-boot-autoconfigure\2.0.0.BUILD-SNAPSHOT\spring-boot-autoconfigure-2.0.0.BUILD-SNAPSHOT.jar;C:\Users\Shailja Sharma\.m2\repository\com\h2database\h2\1.4.196\h2-1.4.196.jar;C:\Users\Shailja Sharma\.m2\repository\org\apache\tomcat\embed\tomcat-embed-jasper\8.5.24\tomcat-embed-jasper-8.5.24.jar;C:\Users\Shailja Sharma\.m2\repository\org\apache\tomcat\embed\tomcat-embed-core\8.5.24\tomcat-embed-core-8.5.24.jar;C:\Users\Shailja Sharma\.m2\repository\org\apache\tomcat\tomcat-annotations-api\8.5.24\tomcat-annotations-api-8.5.24.jar;C:\Users\Shailja Sharma\.m2\repository\org\apache\tomcat\embed\tomcat-embed-el\8.5.24\tomcat-embed-el-8.5.24.jar;C:\Users\Shailja Sharma\.m2\repository\org\eclipse\jdt\ecj\3.12.3\ecj-3.12.3.jar;C:\Users\Shailja Sharma\.m2\repository\javax\servlet\jstl\1.2\jstl-1.2.jar;C:\Users\Shailja Sharma\.m2\repository\org\webjars\bootstrap\3.3.6\bootstrap-3.3.6.jar;C:\Users\Shailja Sharma\.m2\repository\org\webjars\jquery\1.9.1\jquery-1.9.1.jar;C:\Users\Shailja Sharma\.m2\repository\org\webjars\bootstrap-datepicker\1.0.1\bootstrap-datepicker-1.0.1.jar;C:\Users\Shailja Sharma\.m2\repository\org\springframework\boot\spring-boot-starter-test\2.0.0.BUILD-SNAPSHOT\spring-boot-starter-test-2.0.0.BUILD-SNAPSHOT.jar;C:\Users\Shailja Sharma\.m2\repository\org\springframework\boot\spring-boot-test\2.0.0.BUILD-SNAPSHOT\spring-boot-test-2.0.0.BUILD-SNAPSHOT.jar;C:\Users\Shailja Sharma\.m2\repository\org\springframework\boot\spring-boot-test-autoconfigure\2.0.0.BUILD-SNAPSHOT\spring-boot-test-autoconfigure-2.0.0.BUILD-SNAPSHOT.jar;C:\Users\Shailja Sharma\.m2\repository\com\jayway\jsonpath\json-path\2.4.0\json-path-2.4.0.jar;C:\Users\Shailja Sharma\.m2\repository\net\minidev\json-smart\2.3\json-smart-2.3.jar;C:\Users\Shailja Sharma\.m2\repository\net\minidev\accessors-smart\1.2\accessors-smart-1.2.jar;C:\Users\Shailja Sharma\.m2\repository\org\ow2\asm\asm\5.0.4\asm-5.0.4.jar;C:\Users\Shailja Sharma\.m2\repository\junit\junit\4.12\junit-4.12.jar;C:\Users\Shailja Sharma\.m2\repository\org\assertj\assertj-core\3.8.0\assertj-core-3.8.0.jar;C:\Users\Shailja Sharma\.m2\repository\org\mockito\mockito-core\2.13.0\mockito-core-2.13.0.jar;C:\Users\Shailja Sharma\.m2\repository\net\bytebuddy\byte-buddy\1.7.9\byte-buddy-1.7.9.jar;C:\Users\Shailja Sharma\.m2\repository\net\bytebuddy\byte-buddy-agent\1.7.9\byte-buddy-agent-1.7.9.jar;C:\Users\Shailja Sharma\.m2\repository\org\objenesis\objenesis\2.6\objenesis-2.6.jar;C:\Users\Shailja Sharma\.m2\repository\org\hamcrest\hamcrest-core\1.3\hamcrest-core-1.3.jar;C:\Users\Shailja Sharma\.m2\repository\org\hamcrest\hamcrest-library\1.3\hamcrest-library-1.3.jar;C:\Users\Shailja Sharma\.m2\repository\org\skyscreamer\jsonassert\1.5.0\jsonassert-1.5.0.jar;C:\Users\Shailja Sharma\.m2\repository\com\vaadin\external\google\android-json\0.0.20131108.vaadin1\android-json-0.0.20131108.vaadin1.jar;C:\Users\Shailja Sharma\.m2\repository\org\springframework\spring-core\5.0.2.RELEASE\spring-core-5.0.2.RELEASE.jar;C:\Users\Shailja Sharma\.m2\repository\org\springframework\spring-jcl\5.0.2.RELEASE\spring-jcl-5.0.2.RELEASE.jar;C:\Users\Shailja Sharma\.m2\repository\org\springframework\spring-test\5.0.2.RELEASE\spring-test-5.0.2.RELEASE.jar;C:\Users\Shailja Sharma\.m2\repository\org\xmlunit\xmlunit-core\2.5.1\xmlunit-core-2.5.1.jar;C:\Users\Shailja Sharma\.m2\repository\org\springframework\security\spring-security-test\5.0.0.RELEASE\spring-security-test-5.0.0.RELEASE.jar;C:\Users\Shailja Sharma\.m2\repository\org\springframework\security\spring-security-core\5.0.0.RELEASE\spring-security-core-5.0.0.RELEASE.jar;, user.name=Shailja, java.vm.specification.version=1.8, sun.java.command=C:\Users\SHAILJ~1\AppData\Local\Temp\surefire2683352134977063736\surefirebooter5417430683219961117.jar C:\Users\Shailja Sharma\AppData\Local\Temp\surefire2683352134977063736 2018-01-04T12-24-59_346-jvmRun1 surefire4853966728561119627tmp surefire_0873904670403541664tmp, java.home=C:\Java8\jre, sun.arch.data.model=64, user.language=en, java.specification.vendor=Oracle Corporation, awt.toolkit=sun.awt.windows.WToolkit, java.vm.info=mixed mode, java.version=1.8.0_131, java.ext.dirs=C:\Java8\jre\lib\ext;C:\WINDOWS\Sun\Java\lib\ext, sun.boot.class.path=C:\Java8\jre\lib\resources.jar;C:\Java8\jre\lib\rt.jar;C:\Java8\jre\lib\sunrsasign.jar;C:\Java8\jre\lib\jsse.jar;C:\Java8\jre\lib\jce.jar;C:\Java8\jre\lib\charsets.jar;C:\Java8\jre\lib\jfr.jar;C:\Java8\jre\classes, java.vendor=Oracle Corporation, localRepository=C:\Users\Shailja Sharma\.m2\repository, file.separator=\, java.vendor.url.bug=http://bugreport.sun.com/bugreport/, sun.io.unicode.encoding=UnicodeLittle, sun.cpu.endian=little, sun.desktop=windows, sun.cpu.isalist=amd64}}, SystemEnvironmentPropertySource@848363848 {name='systemEnvironment', properties={PATH=C:\Java8\jre\bin;C:/Java8/bin/../jre/bin/server;C:/Java8/bin/../jre/bin;C:/Java8/bin/../jre/lib/amd64;C:\Program Files\Docker\Docker\Resources\bin;C:\Program Files (x86)\Intel\TXE Components\TCS\;C:\Program Files\Intel\TXE Components\TCS\;C:\WINDOWS\system32;C:\WINDOWS;C:\WINDOWS\System32\Wbem;C:\WINDOWS\System32\WindowsPowerShell\v1.0\;C:\Program Files\Intel\WiFi\bin\;C:\Program Files\Common Files\Intel\WirelessCommon\;C:\Java8\bin;C:\Program Files\Git\cmd;C:\Program Files\nodejs\;C:\Program Files\Docker\Docker\Resources\bin;C:\Program Files (x86)\Intel\TXE Components\TCS\;C:\Program Files\Intel\TXE Components\TCS\;C:\WINDOWS\system32;C:\WINDOWS;C:\WINDOWS\System32\Wbem;C:\WINDOWS\System32\WindowsPowerShell\v1.0\;C:\Program Files\Intel\WiFi\bin\;C:\Program Files\Common Files\Intel\WirelessCommon\;C:\Java8\bin;C:\Program Files\Git\cmd;C:\Program Files\nodejs\;C:\Ajay\hadoop-2.6.2\bin;C:\Ajay\hadoop-2.6.2\sbin;C:\Ajay\hadoop-2.6.2\share\hadoop\common\*;C:\Ajay\hadoop-2.6.2\share\hadoop\hdfs;C:\Ajay\hadoop-2.6.2\share\hadoop\hdfs\lib\*;C:\Ajay\hadoop-2.6.2\share\hadoop\hdfs\*;C:\Ajay\hadoop-2.6.2\share\hadoop\yarn\lib\*;C:\Ajay\hadoop-2.6.2\share\hadoop\yarn\*;C:\Ajay\hadoop-2.6.2\share\hadoop\mapreduce\lib\*;C:\Ajay\hadoop-2.6.2\share\hadoop\mapreduce\*;C:\Ajay\hadoop-2.6.2\share\hadoop\common\lib\*;C:\Users\Shailja Sharma\AppData\Local\Microsoft\WindowsApps;C:\Ajay\gradle-4.0.2\bin;C:\Program Files\Microsoft VS Code\bin;C:\Users\Shailja Sharma\AppData\Roaming\npm;C:\Ajay\apache-maven-3.5.2\bin;C:\Ajay\sts-bundle\sts-3.9.2.RELEASE;, USERDOMAIN_ROAMINGPROFILE=DESKTOP-7FJFCFL, LOCALAPPDATA=C:\Users\Shailja Sharma\AppData\Local, PROCESSOR_LEVEL=6, SYSTEMDRIVE=C:, COMMONPROGRAMFILES(X86)=C:\Program Files (x86)\Common Files, USERDOMAIN=DESKTOP-7FJFCFL, FPS_BROWSER_APP_PROFILE_STRING=Internet Explorer, LOGONSERVER=\\DESKTOP-7FJFCFL, JAVA_HOME=C:\Java8, PROMPT=$P$G, SESSIONNAME=Console, ALLUSERSPROFILE=C:\ProgramData, PROGRAMFILES(X86)=C:\Program Files (x86), PROCESSOR_ARCHITECTURE=AMD64, ERLANG_HOME=C:\Program Files\erl9.1, PROGRAMFILES=C:\Program Files, =C:=C:\PersonalData\engr1\toDoApp\pyramid-todo, APPDATA=C:\Users\Shailja Sharma\AppData\Roaming, MOZ_PLUGIN_PATH=C:\PROGRAM FILES (X86)\FOXIT SOFTWARE\FOXIT READER\plugins\, PSMODULEPATH=C:\WINDOWS\system32\WindowsPowerShell\v1.0\Modules\, PROGRAMW6432=C:\Program Files, PROGRAMDATA=C:\ProgramData, SYSTEMROOT=C:\WINDOWS, USERNAME=Shailja, ECLIPSE_HOME=C:\Ajay\eclipse, VBOX_MSI_INSTALL_PATH=C:\Program Files\Oracle\VirtualBox\, FPS_BROWSER_USER_PROFILE_STRING=Default, ONEDRIVE=C:\Users\Shailja Sharma\OneDrive, CONFIGSETROOT=C:\WINDOWS\ConfigSetRoot, PATHEXT=.COM;.EXE;.BAT;.CMD;.VBS;.VBE;.JS;.JSE;.WSF;.WSH;.MSC, OS=Windows_NT, COMMONPROGRAMW6432=C:\Program Files\Common Files, COMPUTERNAME=DESKTOP-7FJFCFL, COMMONPROGRAMFILES=C:\Program Files\Common Files, COMSPEC=C:\WINDOWS\system32\cmd.exe, PROCESSOR_REVISION=3708, CLASSPATH=.;C:\Ajay\hadoop-2.8.0\share\hadoop\common\*;C:\Ajay\hadoop-2.8.0\share\hadoop\hdfs;C:\Ajay\hadoop-2.8.0\share\hadoop\hdfs\lib\*;C:\Ajay\hadoop-2.8.0\share\hadoop\hdfs\*;C:\Ajay\hadoop-2.8.0\share\hadoop\yarn\lib\*;C:\Ajay\hadoop-2.8.0\share\hadoop\yarn\*;C:\Ajay\hadoop-2.8.0\share\hadoop\mapreduce\lib\*;C:\Ajay\hadoop-2.8.0\share\hadoop\mapreduce\*;C:\Ajay\hadoop-2.8.0\share\hadoop\common\lib\*, WINDIR=C:\WINDOWS, HOMEPATH=\Users\Shailja Sharma, TEMP=C:\Users\SHAILJ~1\AppData\Local\Temp, HOMEDRIVE=C:, PROCESSOR_IDENTIFIER=Intel64 Family 6 Model 55 Stepping 8, GenuineIntel, USERPROFILE=C:\Users\Shailja Sharma, TMP=C:\Users\SHAILJ~1\AppData\Local\Temp, HADOOP_HOME=C:\Ajay\hadoop-2.6.2, PUBLIC=C:\Users\Public, NUMBER_OF_PROCESSORS=4}}]
12:25:04.519 [main] DEBUG org.springframework.test.context.support.TestPropertySourceUtils - Adding inlined properties to environment: {spring.jmx.enabled=false, org.springframework.boot.test.context.SpringBootTestContextBootstrapper=true, server.port=-1}
12:25:04.520 [main] DEBUG org.springframework.core.env.StandardEnvironment - Adding PropertySource 'Inlined Test Properties' with highest search precedence

  .   ____          _            __ _ _
 /\\ / ___'_ __ _ _(_)_ __  __ _ \ \ \ \
( ( )\___ | '_ | '_| | '_ \/ _` | \ \ \ \
 \\/  ___)| |_)| | | | | || (_| |  ) ) ) )
  '  |____| .__|_| |_|_| |_\__, | / / / /
 =========|_|==============|___/=/_/_/_/
 :: Spring Boot ::  (v2.0.0.BUILD-SNAPSHOT)

2018-01-04 12:25:05.474  INFO 3984 --- [           main] o.p.todo.PyramidTodoApplicationTests     : Starting PyramidTodoApplicationTests on DESKTOP-7FJFCFL with PID 3984 (started by Shailja in C:\PersonalData\engr1\toDoApp\pyramid-todo)
2018-01-04 12:25:05.477  INFO 3984 --- [           main] o.p.todo.PyramidTodoApplicationTests     : No active profile set, falling back to default profiles: default
2018-01-04 12:25:05.658  INFO 3984 --- [           main] o.s.w.c.s.GenericWebApplicationContext   : Refreshing org.springframework.web.context.support.GenericWebApplicationContext@c430e6c: startup date [Thu Jan 04 12:25:05 IST 2018]; root of context hierarchy
2018-01-04 12:25:10.641  INFO 3984 --- [kground-preinit] o.h.v.i.engine.ValidatorFactoryImpl      : HV000238: Temporal validation tolerance set to 0.
2018-01-04 12:25:12.523 ERROR 3984 --- [           main] o.s.boot.SpringApplication               : Application startup failed

java.lang.IllegalStateException: Failed to introspect Class [org.pyramid.todo.controller.TodoController] from ClassLoader [sun.misc.Launcher$AppClassLoader@4aa298b7]
	at org.springframework.util.ReflectionUtils.getDeclaredFields(ReflectionUtils.java:759) ~[spring-core-5.0.2.RELEASE.jar:5.0.2.RELEASE]
	at org.springframework.util.ReflectionUtils.doWithFields(ReflectionUtils.java:724) ~[spring-core-5.0.2.RELEASE.jar:5.0.2.RELEASE]
	at org.springframework.util.ReflectionUtils.doWithFields(ReflectionUtils.java:709) ~[spring-core-5.0.2.RELEASE.jar:5.0.2.RELEASE]
	at org.springframework.boot.test.mock.mockito.DefinitionsParser.parse(DefinitionsParser.java:62) ~[spring-boot-test-2.0.0.BUILD-SNAPSHOT.jar:2.0.0.BUILD-SNAPSHOT]
	at org.springframework.boot.test.mock.mockito.MockitoPostProcessor.postProcessBeanFactory(MockitoPostProcessor.java:139) ~[spring-boot-test-2.0.0.BUILD-SNAPSHOT.jar:2.0.0.BUILD-SNAPSHOT]
	at org.springframework.boot.test.mock.mockito.MockitoPostProcessor.postProcessBeanFactory(MockitoPostProcessor.java:131) ~[spring-boot-test-2.0.0.BUILD-SNAPSHOT.jar:2.0.0.BUILD-SNAPSHOT]
	at org.springframework.context.support.PostProcessorRegistrationDelegate.invokeBeanFactoryPostProcessors(PostProcessorRegistrationDelegate.java:284) ~[spring-context-5.0.2.RELEASE.jar:5.0.2.RELEASE]
	at org.springframework.context.support.PostProcessorRegistrationDelegate.invokeBeanFactoryPostProcessors(PostProcessorRegistrationDelegate.java:172) ~[spring-context-5.0.2.RELEASE.jar:5.0.2.RELEASE]
	at org.springframework.context.support.AbstractApplicationContext.invokeBeanFactoryPostProcessors(AbstractApplicationContext.java:693) ~[spring-context-5.0.2.RELEASE.jar:5.0.2.RELEASE]
	at org.springframework.context.support.AbstractApplicationContext.refresh(AbstractApplicationContext.java:531) ~[spring-context-5.0.2.RELEASE.jar:5.0.2.RELEASE]
	at org.springframework.boot.SpringApplication.refresh(SpringApplication.java:751) ~[spring-boot-2.0.0.BUILD-SNAPSHOT.jar:2.0.0.BUILD-SNAPSHOT]
	at org.springframework.boot.SpringApplication.refreshContext(SpringApplication.java:387) ~[spring-boot-2.0.0.BUILD-SNAPSHOT.jar:2.0.0.BUILD-SNAPSHOT]
	at org.springframework.boot.SpringApplication.run(SpringApplication.java:327) ~[spring-boot-2.0.0.BUILD-SNAPSHOT.jar:2.0.0.BUILD-SNAPSHOT]
	at org.springframework.boot.test.context.SpringBootContextLoader.loadContext(SpringBootContextLoader.java:138) [spring-boot-test-2.0.0.BUILD-SNAPSHOT.jar:2.0.0.BUILD-SNAPSHOT]
	at org.springframework.test.context.cache.DefaultCacheAwareContextLoaderDelegate.loadContextInternal(DefaultCacheAwareContextLoaderDelegate.java:99) [spring-test-5.0.2.RELEASE.jar:5.0.2.RELEASE]
	at org.springframework.test.context.cache.DefaultCacheAwareContextLoaderDelegate.loadContext(DefaultCacheAwareContextLoaderDelegate.java:117) [spring-test-5.0.2.RELEASE.jar:5.0.2.RELEASE]
	at org.springframework.test.context.support.DefaultTestContext.getApplicationContext(DefaultTestContext.java:107) [spring-test-5.0.2.RELEASE.jar:5.0.2.RELEASE]
	at org.springframework.test.context.web.ServletTestExecutionListener.setUpRequestContextIfNecessary(ServletTestExecutionListener.java:190) [spring-test-5.0.2.RELEASE.jar:5.0.2.RELEASE]
	at org.springframework.test.context.web.ServletTestExecutionListener.prepareTestInstance(ServletTestExecutionListener.java:132) [spring-test-5.0.2.RELEASE.jar:5.0.2.RELEASE]
	at org.springframework.test.context.TestContextManager.prepareTestInstance(TestContextManager.java:242) [spring-test-5.0.2.RELEASE.jar:5.0.2.RELEASE]
	at org.springframework.test.context.junit4.SpringJUnit4ClassRunner.createTest(SpringJUnit4ClassRunner.java:227) [spring-test-5.0.2.RELEASE.jar:5.0.2.RELEASE]
	at org.springframework.test.context.junit4.SpringJUnit4ClassRunner$1.runReflectiveCall(SpringJUnit4ClassRunner.java:289) [spring-test-5.0.2.RELEASE.jar:5.0.2.RELEASE]
	at org.junit.internal.runners.model.ReflectiveCallable.run(ReflectiveCallable.java:12) [junit-4.12.jar:4.12]
	at org.springframework.test.context.junit4.SpringJUnit4ClassRunner.methodBlock(SpringJUnit4ClassRunner.java:291) [spring-test-5.0.2.RELEASE.jar:5.0.2.RELEASE]
	at org.springframework.test.context.junit4.SpringJUnit4ClassRunner.runChild(SpringJUnit4ClassRunner.java:246) [spring-test-5.0.2.RELEASE.jar:5.0.2.RELEASE]
	at org.springframework.test.context.junit4.SpringJUnit4ClassRunner.runChild(SpringJUnit4ClassRunner.java:97) [spring-test-5.0.2.RELEASE.jar:5.0.2.RELEASE]
	at org.junit.runners.ParentRunner$3.run(ParentRunner.java:290) [junit-4.12.jar:4.12]
	at org.junit.runners.ParentRunner$1.schedule(ParentRunner.java:71) [junit-4.12.jar:4.12]
	at org.junit.runners.ParentRunner.runChildren(ParentRunner.java:288) [junit-4.12.jar:4.12]
	at org.junit.runners.ParentRunner.access$000(ParentRunner.java:58) [junit-4.12.jar:4.12]
	at org.junit.runners.ParentRunner$2.evaluate(ParentRunner.java:268) [junit-4.12.jar:4.12]
	at org.springframework.test.context.junit4.statements.RunBeforeTestClassCallbacks.evaluate(RunBeforeTestClassCallbacks.java:61) [spring-test-5.0.2.RELEASE.jar:5.0.2.RELEASE]
	at org.springframework.test.context.junit4.statements.RunAfterTestClassCallbacks.evaluate(RunAfterTestClassCallbacks.java:70) [spring-test-5.0.2.RELEASE.jar:5.0.2.RELEASE]
	at org.junit.runners.ParentRunner.run(ParentRunner.java:363) [junit-4.12.jar:4.12]
	at org.springframework.test.context.junit4.SpringJUnit4ClassRunner.run(SpringJUnit4ClassRunner.java:190) [spring-test-5.0.2.RELEASE.jar:5.0.2.RELEASE]
	at org.apache.maven.surefire.junit4.JUnit4Provider.execute(JUnit4Provider.java:369) [surefire-junit4-2.20.1.jar:2.20.1]
	at org.apache.maven.surefire.junit4.JUnit4Provider.executeWithRerun(JUnit4Provider.java:275) [surefire-junit4-2.20.1.jar:2.20.1]
	at org.apache.maven.surefire.junit4.JUnit4Provider.executeTestSet(JUnit4Provider.java:239) [surefire-junit4-2.20.1.jar:2.20.1]
	at org.apache.maven.surefire.junit4.JUnit4Provider.invoke(JUnit4Provider.java:160) [surefire-junit4-2.20.1.jar:2.20.1]
	at org.apache.maven.surefire.booter.ForkedBooter.invokeProviderInSameClassLoader(ForkedBooter.java:373) [surefire-booter-2.20.1.jar:2.20.1]
	at org.apache.maven.surefire.booter.ForkedBooter.runSuitesInProcess(ForkedBooter.java:334) [surefire-booter-2.20.1.jar:2.20.1]
	at org.apache.maven.surefire.booter.ForkedBooter.execute(ForkedBooter.java:119) [surefire-booter-2.20.1.jar:2.20.1]
	at org.apache.maven.surefire.booter.ForkedBooter.main(ForkedBooter.java:407) [surefire-booter-2.20.1.jar:2.20.1]
Caused by: java.lang.NoClassDefFoundError: org/springframework/data/jpa/repository/JpaRepository
	at java.lang.ClassLoader.defineClass1(Native Method) ~[na:1.8.0_131]
	at java.lang.ClassLoader.defineClass(ClassLoader.java:763) ~[na:1.8.0_131]
	at java.security.SecureClassLoader.defineClass(SecureClassLoader.java:142) ~[na:1.8.0_131]
	at java.net.URLClassLoader.defineClass(URLClassLoader.java:467) ~[na:1.8.0_131]
	at java.net.URLClassLoader.access$100(URLClassLoader.java:73) ~[na:1.8.0_131]
	at java.net.URLClassLoader$1.run(URLClassLoader.java:368) ~[na:1.8.0_131]
	at java.net.URLClassLoader$1.run(URLClassLoader.java:362) ~[na:1.8.0_131]
	at java.security.AccessController.doPrivileged(Native Method) ~[na:1.8.0_131]
	at java.net.URLClassLoader.findClass(URLClassLoader.java:361) ~[na:1.8.0_131]
	at java.lang.ClassLoader.loadClass(ClassLoader.java:424) ~[na:1.8.0_131]
	at sun.misc.Launcher$AppClassLoader.loadClass(Launcher.java:335) ~[na:1.8.0_131]
	at java.lang.ClassLoader.loadClass(ClassLoader.java:357) ~[na:1.8.0_131]
	at java.lang.Class.getDeclaredFields0(Native Method) ~[na:1.8.0_131]
	at java.lang.Class.privateGetDeclaredFields(Class.java:2583) ~[na:1.8.0_131]
	at java.lang.Class.getDeclaredFields(Class.java:1916) ~[na:1.8.0_131]
	at org.springframework.util.ReflectionUtils.getDeclaredFields(ReflectionUtils.java:754) ~[spring-core-5.0.2.RELEASE.jar:5.0.2.RELEASE]
	... 42 common frames omitted
Caused by: java.lang.ClassNotFoundException: org.springframework.data.jpa.repository.JpaRepository
	at java.net.URLClassLoader.findClass(URLClassLoader.java:381) ~[na:1.8.0_131]
	at java.lang.ClassLoader.loadClass(ClassLoader.java:424) ~[na:1.8.0_131]
	at sun.misc.Launcher$AppClassLoader.loadClass(Launcher.java:335) ~[na:1.8.0_131]
	at java.lang.ClassLoader.loadClass(ClassLoader.java:357) ~[na:1.8.0_131]
	... 58 common frames omitted

2018-01-04 12:25:12.654  INFO 3984 --- [           main] o.s.w.c.s.GenericWebApplicationContext   : Closing org.springframework.web.context.support.GenericWebApplicationContext@c430e6c: startup date [Thu Jan 04 12:25:05 IST 2018]; root of context hierarchy
2018-01-04 12:25:12.670 ERROR 3984 --- [           main] o.s.test.context.TestContextManager      : Caught exception while allowing TestExecutionListener [org.springframework.test.context.web.ServletTestExecutionListener@2a5c8d3f] to prepare test instance [org.pyramid.todo.PyramidTodoApplicationTests@733037]

java.lang.IllegalStateException: Failed to load ApplicationContext
	at org.springframework.test.context.cache.DefaultCacheAwareContextLoaderDelegate.loadContext(DefaultCacheAwareContextLoaderDelegate.java:125) ~[spring-test-5.0.2.RELEASE.jar:5.0.2.RELEASE]
	at org.springframework.test.context.support.DefaultTestContext.getApplicationContext(DefaultTestContext.java:107) ~[spring-test-5.0.2.RELEASE.jar:5.0.2.RELEASE]
	at org.springframework.test.context.web.ServletTestExecutionListener.setUpRequestContextIfNecessary(ServletTestExecutionListener.java:190) ~[spring-test-5.0.2.RELEASE.jar:5.0.2.RELEASE]
	at org.springframework.test.context.web.ServletTestExecutionListener.prepareTestInstance(ServletTestExecutionListener.java:132) ~[spring-test-5.0.2.RELEASE.jar:5.0.2.RELEASE]
	at org.springframework.test.context.TestContextManager.prepareTestInstance(TestContextManager.java:242) ~[spring-test-5.0.2.RELEASE.jar:5.0.2.RELEASE]
	at org.springframework.test.context.junit4.SpringJUnit4ClassRunner.createTest(SpringJUnit4ClassRunner.java:227) [spring-test-5.0.2.RELEASE.jar:5.0.2.RELEASE]
	at org.springframework.test.context.junit4.SpringJUnit4ClassRunner$1.runReflectiveCall(SpringJUnit4ClassRunner.java:289) [spring-test-5.0.2.RELEASE.jar:5.0.2.RELEASE]
	at org.junit.internal.runners.model.ReflectiveCallable.run(ReflectiveCallable.java:12) [junit-4.12.jar:4.12]
	at org.springframework.test.context.junit4.SpringJUnit4ClassRunner.methodBlock(SpringJUnit4ClassRunner.java:291) [spring-test-5.0.2.RELEASE.jar:5.0.2.RELEASE]
	at org.springframework.test.context.junit4.SpringJUnit4ClassRunner.runChild(SpringJUnit4ClassRunner.java:246) [spring-test-5.0.2.RELEASE.jar:5.0.2.RELEASE]
	at org.springframework.test.context.junit4.SpringJUnit4ClassRunner.runChild(SpringJUnit4ClassRunner.java:97) [spring-test-5.0.2.RELEASE.jar:5.0.2.RELEASE]
	at org.junit.runners.ParentRunner$3.run(ParentRunner.java:290) [junit-4.12.jar:4.12]
	at org.junit.runners.ParentRunner$1.schedule(ParentRunner.java:71) [junit-4.12.jar:4.12]
	at org.junit.runners.ParentRunner.runChildren(ParentRunner.java:288) [junit-4.12.jar:4.12]
	at org.junit.runners.ParentRunner.access$000(ParentRunner.java:58) [junit-4.12.jar:4.12]
	at org.junit.runners.ParentRunner$2.evaluate(ParentRunner.java:268) [junit-4.12.jar:4.12]
	at org.springframework.test.context.junit4.statements.RunBeforeTestClassCallbacks.evaluate(RunBeforeTestClassCallbacks.java:61) [spring-test-5.0.2.RELEASE.jar:5.0.2.RELEASE]
	at org.springframework.test.context.junit4.statements.RunAfterTestClassCallbacks.evaluate(RunAfterTestClassCallbacks.java:70) [spring-test-5.0.2.RELEASE.jar:5.0.2.RELEASE]
	at org.junit.runners.ParentRunner.run(ParentRunner.java:363) [junit-4.12.jar:4.12]
	at org.springframework.test.context.junit4.SpringJUnit4ClassRunner.run(SpringJUnit4ClassRunner.java:190) [spring-test-5.0.2.RELEASE.jar:5.0.2.RELEASE]
	at org.apache.maven.surefire.junit4.JUnit4Provider.execute(JUnit4Provider.java:369) [surefire-junit4-2.20.1.jar:2.20.1]
	at org.apache.maven.surefire.junit4.JUnit4Provider.executeWithRerun(JUnit4Provider.java:275) [surefire-junit4-2.20.1.jar:2.20.1]
	at org.apache.maven.surefire.junit4.JUnit4Provider.executeTestSet(JUnit4Provider.java:239) [surefire-junit4-2.20.1.jar:2.20.1]
	at org.apache.maven.surefire.junit4.JUnit4Provider.invoke(JUnit4Provider.java:160) [surefire-junit4-2.20.1.jar:2.20.1]
	at org.apache.maven.surefire.booter.ForkedBooter.invokeProviderInSameClassLoader(ForkedBooter.java:373) [surefire-booter-2.20.1.jar:2.20.1]
	at org.apache.maven.surefire.booter.ForkedBooter.runSuitesInProcess(ForkedBooter.java:334) [surefire-booter-2.20.1.jar:2.20.1]
	at org.apache.maven.surefire.booter.ForkedBooter.execute(ForkedBooter.java:119) [surefire-booter-2.20.1.jar:2.20.1]
	at org.apache.maven.surefire.booter.ForkedBooter.main(ForkedBooter.java:407) [surefire-booter-2.20.1.jar:2.20.1]
Caused by: java.lang.IllegalStateException: Failed to introspect Class [org.pyramid.todo.controller.TodoController] from ClassLoader [sun.misc.Launcher$AppClassLoader@4aa298b7]
	at org.springframework.util.ReflectionUtils.getDeclaredFields(ReflectionUtils.java:759) ~[spring-core-5.0.2.RELEASE.jar:5.0.2.RELEASE]
	at org.springframework.util.ReflectionUtils.doWithFields(ReflectionUtils.java:724) ~[spring-core-5.0.2.RELEASE.jar:5.0.2.RELEASE]
	at org.springframework.util.ReflectionUtils.doWithFields(ReflectionUtils.java:709) ~[spring-core-5.0.2.RELEASE.jar:5.0.2.RELEASE]
	at org.springframework.boot.test.mock.mockito.DefinitionsParser.parse(DefinitionsParser.java:62) ~[spring-boot-test-2.0.0.BUILD-SNAPSHOT.jar:2.0.0.BUILD-SNAPSHOT]
	at org.springframework.boot.test.mock.mockito.MockitoPostProcessor.postProcessBeanFactory(MockitoPostProcessor.java:139) ~[spring-boot-test-2.0.0.BUILD-SNAPSHOT.jar:2.0.0.BUILD-SNAPSHOT]
	at org.springframework.boot.test.mock.mockito.MockitoPostProcessor.postProcessBeanFactory(MockitoPostProcessor.java:131) ~[spring-boot-test-2.0.0.BUILD-SNAPSHOT.jar:2.0.0.BUILD-SNAPSHOT]
	at org.springframework.context.support.PostProcessorRegistrationDelegate.invokeBeanFactoryPostProcessors(PostProcessorRegistrationDelegate.java:284) ~[spring-context-5.0.2.RELEASE.jar:5.0.2.RELEASE]
	at org.springframework.context.support.PostProcessorRegistrationDelegate.invokeBeanFactoryPostProcessors(PostProcessorRegistrationDelegate.java:172) ~[spring-context-5.0.2.RELEASE.jar:5.0.2.RELEASE]
	at org.springframework.context.support.AbstractApplicationContext.invokeBeanFactoryPostProcessors(AbstractApplicationContext.java:693) ~[spring-context-5.0.2.RELEASE.jar:5.0.2.RELEASE]
	at org.springframework.context.support.AbstractApplicationContext.refresh(AbstractApplicationContext.java:531) ~[spring-context-5.0.2.RELEASE.jar:5.0.2.RELEASE]
	at org.springframework.boot.SpringApplication.refresh(SpringApplication.java:751) ~[spring-boot-2.0.0.BUILD-SNAPSHOT.jar:2.0.0.BUILD-SNAPSHOT]
	at org.springframework.boot.SpringApplication.refreshContext(SpringApplication.java:387) ~[spring-boot-2.0.0.BUILD-SNAPSHOT.jar:2.0.0.BUILD-SNAPSHOT]
	at org.springframework.boot.SpringApplication.run(SpringApplication.java:327) ~[spring-boot-2.0.0.BUILD-SNAPSHOT.jar:2.0.0.BUILD-SNAPSHOT]
	at org.springframework.boot.test.context.SpringBootContextLoader.loadContext(SpringBootContextLoader.java:138) ~[spring-boot-test-2.0.0.BUILD-SNAPSHOT.jar:2.0.0.BUILD-SNAPSHOT]
	at org.springframework.test.context.cache.DefaultCacheAwareContextLoaderDelegate.loadContextInternal(DefaultCacheAwareContextLoaderDelegate.java:99) ~[spring-test-5.0.2.RELEASE.jar:5.0.2.RELEASE]
	at org.springframework.test.context.cache.DefaultCacheAwareContextLoaderDelegate.loadContext(DefaultCacheAwareContextLoaderDelegate.java:117) ~[spring-test-5.0.2.RELEASE.jar:5.0.2.RELEASE]
	... 27 common frames omitted
Caused by: java.lang.NoClassDefFoundError: org/springframework/data/jpa/repository/JpaRepository
	at java.lang.ClassLoader.defineClass1(Native Method) ~[na:1.8.0_131]
	at java.lang.ClassLoader.defineClass(ClassLoader.java:763) ~[na:1.8.0_131]
	at java.security.SecureClassLoader.defineClass(SecureClassLoader.java:142) ~[na:1.8.0_131]
	at java.net.URLClassLoader.defineClass(URLClassLoader.java:467) ~[na:1.8.0_131]
	at java.net.URLClassLoader.access$100(URLClassLoader.java:73) ~[na:1.8.0_131]
	at java.net.URLClassLoader$1.run(URLClassLoader.java:368) ~[na:1.8.0_131]
	at java.net.URLClassLoader$1.run(URLClassLoader.java:362) ~[na:1.8.0_131]
	at java.security.AccessController.doPrivileged(Native Method) ~[na:1.8.0_131]
	at java.net.URLClassLoader.findClass(URLClassLoader.java:361) ~[na:1.8.0_131]
	at java.lang.ClassLoader.loadClass(ClassLoader.java:424) ~[na:1.8.0_131]
	at sun.misc.Launcher$AppClassLoader.loadClass(Launcher.java:335) ~[na:1.8.0_131]
	at java.lang.ClassLoader.loadClass(ClassLoader.java:357) ~[na:1.8.0_131]
	at java.lang.Class.getDeclaredFields0(Native Method) ~[na:1.8.0_131]
	at java.lang.Class.privateGetDeclaredFields(Class.java:2583) ~[na:1.8.0_131]
	at java.lang.Class.getDeclaredFields(Class.java:1916) ~[na:1.8.0_131]
	at org.springframework.util.ReflectionUtils.getDeclaredFields(ReflectionUtils.java:754) ~[spring-core-5.0.2.RELEASE.jar:5.0.2.RELEASE]
	... 42 common frames omitted
Caused by: java.lang.ClassNotFoundException: org.springframework.data.jpa.repository.JpaRepository
	at java.net.URLClassLoader.findClass(URLClassLoader.java:381) ~[na:1.8.0_131]
	at java.lang.ClassLoader.loadClass(ClassLoader.java:424) ~[na:1.8.0_131]
	at sun.misc.Launcher$AppClassLoader.loadClass(Launcher.java:335) ~[na:1.8.0_131]
	at java.lang.ClassLoader.loadClass(ClassLoader.java:357) ~[na:1.8.0_131]
	... 58 common frames omitted

]]></system-out>
  </testcase>
</testsuite>